-------------------------------------------------------------------------------
Test set: com.optionstrader.signal.SignalValidatorTest
-------------------------------------------------------------------------------
Tests run: 1, Failures: 0, Errors: 1, Skipped: 0, Time elapsed: 0.019 s <<< FAILURE! -- in com.optionstrader.signal.SignalValidatorTest
com.optionstrader.signal.SignalValidatorTest.testSignalIntegrity -- Time elapsed: 0.015 s <<< ERROR!
java.lang.RuntimeException: Error in standard parsing
	at com.optionstrader.ingestion.StandardMassiveDataLoader.loadData(StandardMassiveDataLoader.java:59)
	at com.optionstrader.signal.SignalValidatorTest.loadSampleBarSeries(SignalValidatorTest.java:22)
	at com.optionstrader.signal.SignalValidatorTest.testSignalIntegrity(SignalValidatorTest.java:27)
	at java.base/java.lang.reflect.Method.invoke(Method.java:568)
	at java.base/java.util.ArrayList.forEach(ArrayList.java:1511)
	at java.base/java.util.ArrayList.forEach(ArrayList.java:1511)
Caused by: com.fasterxml.jackson.databind.exc.MismatchedInputException: Cannot deserialize value of type `java.util.LinkedHashMap<java.lang.String,java.lang.Object>` from Array value (token `JsonToken.START_ARRAY`)
 at [Source: REDACTED (`StreamReadFeature.INCLUDE_SOURCE_IN_LOCATION` disabled); line: 1, column: 1]
	at com.fasterxml.jackson.databind.exc.MismatchedInputException.from(MismatchedInputException.java:59)
	at com.fasterxml.jackson.databind.DeserializationContext.reportInputMismatch(DeserializationContext.java:1767)
	at com.fasterxml.jackson.databind.DeserializationContext.handleUnexpectedToken(DeserializationContext.java:1541)
	at com.fasterxml.jackson.databind.deser.std.StdDeserializer._deserializeFromArray(StdDeserializer.java:222)
	at com.fasterxml.jackson.databind.deser.std.MapDeserializer.deserialize(MapDeserializer.java:457)
	at com.fasterxml.jackson.databind.deser.std.MapDeserializer.deserialize(MapDeserializer.java:32)
	at com.fasterxml.jackson.databind.deser.DefaultDeserializationContext.readRootValue(DefaultDeserializationContext.java:342)
	at com.fasterxml.jackson.databind.ObjectMapper._readMapAndClose(ObjectMapper.java:4899)
	at com.fasterxml.jackson.databind.ObjectMapper.readValue(ObjectMapper.java:3846)
	at com.fasterxml.jackson.databind.ObjectMapper.readValue(ObjectMapper.java:3829)
	at com.optionstrader.ingestion.StandardMassiveDataLoader.loadData(StandardMassiveDataLoader.java:34)
	... 5 more

