<?xml version="1.0" encoding="UTF-8"?>
<testsuite xmlns:xsi="http://www.w3.org/2001/XMLSchema-instance" xsi:noNamespaceSchemaLocation="https://maven.apache.org/surefire/maven-surefire-plugin/xsd/surefire-test-report-3.0.xsd" version="3.0" name="com.optionstrader.backtest.RefereeBacktestTest" time="0.187" tests="1" errors="0" skipped="0" failures="0">
  <properties>
[...]
</properties>
  <testcase name="testBacktesterParity" classname="com.optionstrader.backtest.RefereeBacktestTest" time="0.186">
    <system-err><![CDATA[[main] INFO com.optionstrader.backtest.RefereeBacktestTest - Starting Tri-Implementation Referee test for OptionBacktester
[main] INFO com.optionstrader.backtest.RefereeBacktestTest - Loaded BarSeries with 3322 bars
[main] INFO com.optionstrader.backtest.RefereeBacktestTest - Built TA4J Strategy with unstable period 200
[main] INFO com.optionstrader.backtest.RefereeBacktestTest - Running SequentialOptionBacktester
[main] WARN com.optionstrader.backtest.SequentialOptionBacktester - No option chain for date 2025-12-22
[main] WARN com.optionstrader.backtest.SequentialOptionBacktester - No option chain for date 2025-12-22
[main] WARN com.optionstrader.backtest.SequentialOptionBacktester - No option chain for date 2025-12-22
[main] WARN com.optionstrader.backtest.SequentialOptionBacktester - No option chain for date 2025-12-22
[main] WARN com.optionstrader.backtest.SequentialOptionBacktester - No option chain for date 2025-12-22
[main] WARN com.optionstrader.backtest.SequentialOptionBacktester - No option chain for date 2025-12-22
[main] WARN com.optionstrader.backtest.SequentialOptionBacktester - No option chain for date 2025-12-22
[main] WARN com.optionstrader.backtest.SequentialOptionBacktester - No option chain for date 2025-12-22
[main] WARN com.optionstrader.backtest.SequentialOptionBacktester - No option chain for date 2025-12-22
[main] WARN com.optionstrader.backtest.SequentialOptionBacktester - No option chain for date 2025-12-22
[main] WARN com.optionstrader.backtest.SequentialOptionBacktester - No option chain for date 2025-12-22
[main] WARN com.optionstrader.backtest.SequentialOptionBacktester - No option chain for date 2025-12-22
[main] WARN com.optionstrader.backtest.SequentialOptionBacktester - No option chain for date 2025-12-22
[main] WARN com.optionstrader.backtest.SequentialOptionBacktester - No option chain for date 2025-12-22
[main] WARN com.optionstrader.backtest.SequentialOptionBacktester - No option chain for date 2025-12-22
[main] WARN com.optionstrader.backtest.SequentialOptionBacktester - No option chain for date 2025-12-22
[main] WARN com.optionstrader.backtest.SequentialOptionBacktester - No option chain for date 2025-12-22
[main] WARN com.optionstrader.backtest.SequentialOptionBacktester - No option chain for date 2025-12-22
[main] WARN com.optionstrader.backtest.SequentialOptionBacktester - No option chain for date 2025-12-22
[main] WARN com.optionstrader.backtest.SequentialOptionBacktester - No option chain for date 2025-12-22
[main] WARN com.optionstrader.backtest.SequentialOptionBacktester - No option chain for date 2025-12-22
[main] WARN com.optionstrader.backtest.SequentialOptionBacktester - No option chain for date 2025-12-22
[main] WARN com.optionstrader.backtest.SequentialOptionBacktester - No option chain for date 2025-12-22
[main] WARN com.optionstrader.backtest.SequentialOptionBacktester - No option chain for date 2025-12-22
[main] WARN com.optionstrader.backtest.SequentialOptionBacktester - No option chain for date 2025-12-22
[main] WARN com.optionstrader.backtest.SequentialOptionBacktester - No option chain for date 2025-12-22
[main] WARN com.optionstrader.backtest.SequentialOptionBacktester - No option chain for date 2025-12-22
[main] WARN com.optionstrader.backtest.SequentialOptionBacktester - No option chain for date 2025-12-22
[main] WARN com.optionstrader.backtest.SequentialOptionBacktester - No option chain for date 2025-12-22
[main] WARN com.optionstrader.backtest.SequentialOptionBacktester - No option chain for date 2025-12-22
[main] WARN com.optionstrader.backtest.SequentialOptionBacktester - No option chain for date 2025-12-22
[main] WARN com.optionstrader.backtest.SequentialOptionBacktester - No option chain for date 2025-12-22
[main] WARN com.optionstrader.backtest.SequentialOptionBacktester - No option chain for date 2025-12-22
[main] WARN com.optionstrader.backtest.SequentialOptionBacktester - No option chain for date 2025-12-22
[main] WARN com.optionstrader.backtest.SequentialOptionBacktester - No option chain for date 2025-12-22
[main] WARN com.optionstrader.backtest.SequentialOptionBacktester - No option chain for date 2025-12-22
[main] WARN com.optionstrader.backtest.SequentialOptionBacktester - No option chain for date 2025-12-22
[main] WARN com.optionstrader.backtest.SequentialOptionBacktester - No option chain for date 2025-12-22
[main] WARN com.optionstrader.backtest.SequentialOptionBacktester - No option chain for date 2025-12-22
[main] WARN com.optionstrader.backtest.SequentialOptionBacktester - No option chain for date 2025-12-22
[main] WARN com.optionstrader.backtest.SequentialOptionBacktester - No option chain for date 2025-12-22
[main] WARN com.optionstrader.backtest.SequentialOptionBacktester - No option chain for date 2025-12-22
[main] WARN com.optionstrader.backtest.SequentialOptionBacktester - No option chain for date 2025-12-22
[main] WARN com.optionstrader.backtest.SequentialOptionBacktester - No option chain for date 2025-12-22
[main] WARN com.optionstrader.backtest.SequentialOptionBacktester - No option chain for date 2025-12-22
[main] WARN com.optionstrader.backtest.SequentialOptionBacktester - No option chain for date 2025-12-22
[main] WARN com.optionstrader.backtest.SequentialOptionBacktester - No option chain for date 2025-12-22
[main] WARN com.optionstrader.backtest.SequentialOptionBacktester - No option chain for date 2025-12-22
[main] WARN com.optionstrader.backtest.SequentialOptionBacktester - No option chain for date 2025-12-22
[main] WARN com.optionstrader.backtest.SequentialOptionBacktester - No option chain for date 2025-12-22
[main] WARN com.optionstrader.backtest.SequentialOptionBacktester - No option chain for date 2025-12-22
[main] WARN com.optionstrader.backtest.SequentialOptionBacktester - No option chain for date 2025-12-22
[main] WARN com.optionstrader.backtest.SequentialOptionBacktester - No option chain for date 2025-12-22
[main] WARN com.optionstrader.backtest.SequentialOptionBacktester - No option chain for date 2025-12-22
[main] WARN com.optionstrader.backtest.SequentialOptionBacktester - No option chain for date 2025-12-22
[main] WARN com.optionstrader.backtest.SequentialOptionBacktester - No option chain for date 2025-12-22
[main] WARN com.optionstrader.backtest.SequentialOptionBacktester - No option chain for date 2025-12-22
[main] WARN com.optionstrader.backtest.SequentialOptionBacktester - No option chain for date 2025-12-22
[main] WARN com.optionstrader.backtest.SequentialOptionBacktester - No option chain for date 2025-12-22
[main] WARN com.optionstrader.backtest.SequentialOptionBacktester - No option chain for date 2025-12-22
[main] WARN com.optionstrader.backtest.SequentialOptionBacktester - No option chain for date 2025-12-22
[main] WARN com.optionstrader.backtest.SequentialOptionBacktester - No option chain for date 2025-12-22
[main] WARN com.optionstrader.backtest.SequentialOptionBacktester - No option chain for date 2025-12-22
[main] WARN com.optionstrader.backtest.SequentialOptionBacktester - No option chain for date 2025-12-22
[main] WARN com.optionstrader.backtest.SequentialOptionBacktester - No option chain for date 2025-12-22
[main] WARN com.optionstrader.backtest.SequentialOptionBacktester - No option chain for date 2025-12-22
[main] WARN com.optionstrader.backtest.SequentialOptionBacktester - No option chain for date 2025-12-22
[main] WARN com.optionstrader.backtest.SequentialOptionBacktester - No option chain for date 2025-12-22
[main] WARN com.optionstrader.backtest.SequentialOptionBacktester - No option chain for date 2025-12-22
[main] WARN com.optionstrader.backtest.SequentialOptionBacktester - No option chain for date 2025-12-22
[main] WARN com.optionstrader.backtest.SequentialOptionBacktester - No option chain for date 2025-12-22
[main] WARN com.optionstrader.backtest.SequentialOptionBacktester - No option chain for date 2025-12-22
[main] WARN com.optionstrader.backtest.SequentialOptionBacktester - No option chain for date 2025-12-22
[main] WARN com.optionstrader.backtest.SequentialOptionBacktester - No option chain for date 2025-12-22
[main] WARN com.optionstrader.backtest.SequentialOptionBacktester - No option chain for date 2025-12-22
[main] WARN com.optionstrader.backtest.SequentialOptionBacktester - No option chain for date 2025-12-22
[main] WARN com.optionstrader.backtest.SequentialOptionBacktester - No option chain for date 2025-12-22
[main] WARN com.optionstrader.backtest.SequentialOptionBacktester - No option chain for date 2025-12-22
[main] WARN com.optionstrader.backtest.SequentialOptionBacktester - No option chain for date 2025-12-22
[main] WARN com.optionstrader.backtest.SequentialOptionBacktester - No option chain for date 2025-12-22
[main] WARN com.optionstrader.backtest.SequentialOptionBacktester - No option chain for date 2025-12-22
[main] WARN com.optionstrader.backtest.SequentialOptionBacktester - No option chain for date 2025-12-22
[main] WARN com.optionstrader.backtest.SequentialOptionBacktester - No option chain for date 2025-12-22
[main] WARN com.optionstrader.backtest.SequentialOptionBacktester - No option chain for date 2025-12-22
[main] WARN com.optionstrader.backtest.SequentialOptionBacktester - No option chain for date 2025-12-22
[main] WARN com.optionstrader.backtest.SequentialOptionBacktester - No option chain for date 2025-12-22
[main] WARN com.optionstrader.backtest.SequentialOptionBacktester - No option chain for date 2025-12-22
[main] WARN com.optionstrader.backtest.SequentialOptionBacktester - No option chain for date 2025-12-22
[main] WARN com.optionstrader.backtest.SequentialOptionBacktester - No option chain for date 2025-12-22
[main] WARN com.optionstrader.backtest.SequentialOptionBacktester - No option chain for date 2025-12-22
[main] WARN com.optionstrader.backtest.SequentialOptionBacktester - No option chain for date 2025-12-22
[main] WARN com.optionstrader.backtest.SequentialOptionBacktester - No option chain for date 2025-12-22
[main] WARN com.optionstrader.backtest.SequentialOptionBacktester - No option chain for date 2025-12-22
[main] WARN com.optionstrader.backtest.SequentialOptionBacktester - No option chain for date 2025-12-22
[main] WARN com.optionstrader.backtest.SequentialOptionBacktester - No option chain for date 2025-12-22
[main] WARN com.optionstrader.backtest.SequentialOptionBacktester - No option chain for date 2025-12-22
[main] WARN com.optionstrader.backtest.SequentialOptionBacktester - No option chain for date 2025-12-22
[main] WARN com.optionstrader.backtest.SequentialOptionBacktester - No option chain for date 2025-12-22
[main] WARN com.optionstrader.backtest.SequentialOptionBacktester - No option chain for date 2025-12-22
[main] WARN com.optionstrader.backtest.SequentialOptionBacktester - No option chain for date 2025-12-22
[main] WARN com.optionstrader.backtest.SequentialOptionBacktester - No option chain for date 2025-12-22
[main] WARN com.optionstrader.backtest.SequentialOptionBacktester - No option chain for date 2025-12-22
[main] WARN com.optionstrader.backtest.SequentialOptionBacktester - No option chain for date 2025-12-22
[main] WARN com.optionstrader.backtest.SequentialOptionBacktester - No option chain for date 2025-12-22
[main] WARN com.optionstrader.backtest.SequentialOptionBacktester - No option chain for date 2025-12-22
[main] WARN com.optionstrader.backtest.SequentialOptionBacktester - No option chain for date 2025-12-22
[main] WARN com.optionstrader.backtest.SequentialOptionBacktester - No option chain for date 2025-12-22
[main] WARN com.optionstrader.backtest.SequentialOptionBacktester - No option chain for date 2025-12-22
[main] WARN com.optionstrader.backtest.SequentialOptionBacktester - No option chain for date 2025-12-22
[main] WARN com.optionstrader.backtest.SequentialOptionBacktester - No option chain for date 2025-12-22
[main] WARN com.optionstrader.backtest.SequentialOptionBacktester - No option chain for date 2025-12-22
[main] WARN com.optionstrader.backtest.SequentialOptionBacktester - No option chain for date 2025-12-22
[main] WARN com.optionstrader.backtest.SequentialOptionBacktester - No option chain for date 2025-12-22
[main] WARN com.optionstrader.backtest.SequentialOptionBacktester - No option chain for date 2025-12-22
[main] WARN com.optionstrader.backtest.SequentialOptionBacktester - No option chain for date 2025-12-22
[main] WARN com.optionstrader.backtest.SequentialOptionBacktester - No option chain for date 2025-12-22
[main] WARN com.optionstrader.backtest.SequentialOptionBacktester - No option chain for date 2025-12-22
[main] WARN com.optionstrader.backtest.SequentialOptionBacktester - No option chain for date 2025-12-22
[main] WARN com.optionstrader.backtest.SequentialOptionBacktester - No option chain for date 2025-12-22
[main] WARN com.optionstrader.backtest.SequentialOptionBacktester - No option chain for date 2025-12-22
[main] WARN com.optionstrader.backtest.SequentialOptionBacktester - No option chain for date 2025-12-22
[main] WARN com.optionstrader.backtest.SequentialOptionBacktester - No option chain for date 2025-12-22
[main] WARN com.optionstrader.backtest.SequentialOptionBacktester - No option chain for date 2025-12-22
[main] WARN com.optionstrader.backtest.SequentialOptionBacktester - No option chain for date 2025-12-22
[main] WARN com.optionstrader.backtest.SequentialOptionBacktester - No option chain for date 2025-12-22
[main] WARN com.optionstrader.backtest.SequentialOptionBacktester - No option chain for date 2025-12-22
[main] WARN com.optionstrader.backtest.SequentialOptionBacktester - No option chain for date 2025-12-22
[main] WARN com.optionstrader.backtest.SequentialOptionBacktester - No option chain for date 2025-12-22
[main] WARN com.optionstrader.backtest.SequentialOptionBacktester - No option chain for date 2025-12-22
[main] WARN com.optionstrader.backtest.SequentialOptionBacktester - No option chain for date 2025-12-22
[main] WARN com.optionstrader.backtest.SequentialOptionBacktester - No option chain for date 2025-12-22
[main] WARN com.optionstrader.backtest.SequentialOptionBacktester - No option chain for date 2025-12-22
[main] WARN com.optionstrader.backtest.SequentialOptionBacktester - No option chain for date 2025-12-22
[main] WARN com.optionstrader.backtest.SequentialOptionBacktester - No option chain for date 2025-12-22
[main] WARN com.optionstrader.backtest.SequentialOptionBacktester - No option chain for date 2025-12-22
[main] WARN com.optionstrader.backtest.SequentialOptionBacktester - No option chain for date 2025-12-22
[main] WARN com.optionstrader.backtest.SequentialOptionBacktester - No option chain for date 2025-12-22
[main] WARN com.optionstrader.backtest.SequentialOptionBacktester - No option chain for date 2025-12-22
[main] WARN com.optionstrader.backtest.SequentialOptionBacktester - No option chain for date 2025-12-22
[main] WARN com.optionstrader.backtest.SequentialOptionBacktester - No option chain for date 2025-12-22
[main] WARN com.optionstrader.backtest.SequentialOptionBacktester - No option chain for date 2025-12-22
[main] WARN com.optionstrader.backtest.SequentialOptionBacktester - No option chain for date 2025-12-22
[main] WARN com.optionstrader.backtest.SequentialOptionBacktester - No option chain for date 2025-12-22
[main] WARN com.optionstrader.backtest.SequentialOptionBacktester - No option chain for date 2025-12-22
[main] WARN com.optionstrader.backtest.SequentialOptionBacktester - No option chain for date 2025-12-22
[main] WARN com.optionstrader.backtest.SequentialOptionBacktester - No option chain for date 2025-12-22
[main] WARN com.optionstrader.backtest.SequentialOptionBacktester - No option chain for date 2025-12-22
[main] WARN com.optionstrader.backtest.SequentialOptionBacktester - No option chain for date 2025-12-22
[main] WARN com.optionstrader.backtest.SequentialOptionBacktester - No option chain for date 2025-12-22
[main] WARN com.optionstrader.backtest.SequentialOptionBacktester - No option chain for date 2025-12-22
[main] WARN com.optionstrader.backtest.SequentialOptionBacktester - No option chain for date 2025-12-22
[main] WARN com.optionstrader.backtest.SequentialOptionBacktester - No option chain for date 2025-12-22
[main] WARN com.optionstrader.backtest.SequentialOptionBacktester - No option chain for date 2025-12-22
[main] WARN com.optionstrader.backtest.SequentialOptionBacktester - No option chain for date 2025-12-22
[main] WARN com.optionstrader.backtest.SequentialOptionBacktester - No option chain for date 2025-12-22
[main] WARN com.optionstrader.backtest.SequentialOptionBacktester - No option chain for date 2025-12-22
[main] WARN com.optionstrader.backtest.SequentialOptionBacktester - No option chain for date 2025-12-22
[main] WARN com.optionstrader.backtest.SequentialOptionBacktester - No option chain for date 2025-12-22
[main] WARN com.optionstrader.backtest.SequentialOptionBacktester - No option chain for date 2025-12-22
[main] WARN com.optionstrader.backtest.SequentialOptionBacktester - No option chain for date 2025-12-22
[main] WARN com.optionstrader.backtest.SequentialOptionBacktester - No option chain for date 2025-12-22
[main] WARN com.optionstrader.backtest.SequentialOptionBacktester - No option chain for date 2025-12-22
[main] WARN com.optionstrader.backtest.SequentialOptionBacktester - No option chain for date 2025-12-22
[main] WARN com.optionstrader.backtest.SequentialOptionBacktester - No option chain for date 2025-12-22
[main] WARN com.optionstrader.backtest.SequentialOptionBacktester - No option chain for date 2025-12-22
[main] WARN com.optionstrader.backtest.SequentialOptionBacktester - No option chain for date 2025-12-22
[main] WARN com.optionstrader.backtest.SequentialOptionBacktester - No option chain for date 2025-12-22
[main] WARN com.optionstrader.backtest.SequentialOptionBacktester - No option chain for date 2025-12-22
[main] WARN com.optionstrader.backtest.SequentialOptionBacktester - No option chain for date 2025-12-22
[main] WARN com.optionstrader.backtest.SequentialOptionBacktester - No option chain for date 2025-12-22
[main] WARN com.optionstrader.backtest.SequentialOptionBacktester - No option chain for date 2025-12-22
[main] WARN com.optionstrader.backtest.SequentialOptionBacktester - No option chain for date 2025-12-22
[main] WARN com.optionstrader.backtest.SequentialOptionBacktester - No option chain for date 2025-12-22
[main] WARN com.optionstrader.backtest.SequentialOptionBacktester - No option chain for date 2025-12-22
[main] WARN com.optionstrader.backtest.SequentialOptionBacktester - No option chain for date 2025-12-22
[main] WARN com.optionstrader.backtest.SequentialOptionBacktester - No option chain for date 2025-12-22
[main] WARN com.optionstrader.backtest.SequentialOptionBacktester - No option chain for date 2025-12-22
[main] WARN com.optionstrader.backtest.SequentialOptionBacktester - No option chain for date 2025-12-22
[main] WARN com.optionstrader.backtest.SequentialOptionBacktester - No option chain for date 2025-12-22
[main] WARN com.optionstrader.backtest.SequentialOptionBacktester - No option chain for date 2025-12-22
[main] WARN com.optionstrader.backtest.SequentialOptionBacktester - No option chain for date 2025-12-22
[main] WARN com.optionstrader.backtest.SequentialOptionBacktester - No option chain for date 2025-12-22
[main] WARN com.optionstrader.backtest.SequentialOptionBacktester - No option chain for date 2025-12-22
[main] WARN com.optionstrader.backtest.SequentialOptionBacktester - No option chain for date 2025-12-22
[main] WARN com.optionstrader.backtest.SequentialOptionBacktester - No option chain for date 2025-12-22
[main] WARN com.optionstrader.backtest.SequentialOptionBacktester - No option chain for date 2025-12-22
[main] WARN com.optionstrader.backtest.SequentialOptionBacktester - No option chain for date 2025-12-22
[main] WARN com.optionstrader.backtest.SequentialOptionBacktester - No option chain for date 2025-12-22
[main] WARN com.optionstrader.backtest.SequentialOptionBacktester - No option chain for date 2025-12-22
[main] WARN com.optionstrader.backtest.SequentialOptionBacktester - No option chain for date 2025-12-22
[main] WARN com.optionstrader.backtest.SequentialOptionBacktester - No option chain for date 2025-12-22
[main] WARN com.optionstrader.backtest.SequentialOptionBacktester - No option chain for date 2025-12-22
[main] WARN com.optionstrader.backtest.SequentialOptionBacktester - No option chain for date 2025-12-22
[main] WARN com.optionstrader.backtest.SequentialOptionBacktester - No option chain for date 2025-12-22
[main] WARN com.optionstrader.backtest.SequentialOptionBacktester - No option chain for date 2025-12-22
[main] WARN com.optionstrader.backtest.SequentialOptionBacktester - No option chain for date 2025-12-22
[main] WARN com.optionstrader.backtest.SequentialOptionBacktester - No option chain for date 2025-12-22
[main] WARN com.optionstrader.backtest.SequentialOptionBacktester - No option chain for date 2025-12-22
[main] WARN com.optionstrader.backtest.SequentialOptionBacktester - No option chain for date 2025-12-22
[main] WARN com.optionstrader.backtest.SequentialOptionBacktester - No option chain for date 2025-12-22
[main] WARN com.optionstrader.backtest.SequentialOptionBacktester - No option chain for date 2025-12-22
[main] WARN com.optionstrader.backtest.SequentialOptionBacktester - No option chain for date 2025-12-22
[main] WARN com.optionstrader.backtest.SequentialOptionBacktester - No option chain for date 2025-12-22
[main] WARN com.optionstrader.backtest.SequentialOptionBacktester - No option chain for date 2025-12-22
[main] WARN com.optionstrader.backtest.SequentialOptionBacktester - No option chain for date 2025-12-22
[main] WARN com.optionstrader.backtest.SequentialOptionBacktester - No option chain for date 2025-12-22
[main] WARN com.optionstrader.backtest.SequentialOptionBacktester - No option chain for date 2025-12-22
[main] WARN com.optionstrader.backtest.SequentialOptionBacktester - No option chain for date 2025-12-22
[main] WARN com.optionstrader.backtest.SequentialOptionBacktester - No option chain for date 2025-12-22
[main] WARN com.optionstrader.backtest.SequentialOptionBacktester - No option chain for date 2025-12-22
[main] WARN com.optionstrader.backtest.SequentialOptionBacktester - No option chain for date 2025-12-22
[main] WARN com.optionstrader.backtest.SequentialOptionBacktester - No option chain for date 2025-12-22
[main] WARN com.optionstrader.backtest.SequentialOptionBacktester - No option chain for date 2025-12-22
[main] WARN com.optionstrader.backtest.SequentialOptionBacktester - No option chain for date 2025-12-22
[main] WARN com.optionstrader.backtest.SequentialOptionBacktester - No option chain for date 2025-12-22
[main] WARN com.optionstrader.backtest.SequentialOptionBacktester - No option chain for date 2025-12-22
[main] WARN com.optionstrader.backtest.SequentialOptionBacktester - No option chain for date 2025-12-22
[main] WARN com.optionstrader.backtest.SequentialOptionBacktester - No option chain for date 2025-12-22
[main] WARN com.optionstrader.backtest.SequentialOptionBacktester - No option chain for date 2025-12-22
[main] WARN com.optionstrader.backtest.SequentialOptionBacktester - No option chain for date 2025-12-22
[main] WARN com.optionstrader.backtest.SequentialOptionBacktester - No option chain for date 2025-12-22
[main] WARN com.optionstrader.backtest.SequentialOptionBacktester - No option chain for date 2025-12-22
[main] WARN com.optionstrader.backtest.SequentialOptionBacktester - No option chain for date 2025-12-22
[main] WARN com.optionstrader.backtest.SequentialOptionBacktester - No option chain for date 2025-12-22
[main] WARN com.optionstrader.backtest.SequentialOptionBacktester - No option chain for date 2025-12-22
[main] WARN com.optionstrader.backtest.SequentialOptionBacktester - No option chain for date 2025-12-22
[main] WARN com.optionstrader.backtest.SequentialOptionBacktester - No option chain for date 2025-12-22
[main] WARN com.optionstrader.backtest.SequentialOptionBacktester - No option chain for date 2025-12-22
[main] WARN com.optionstrader.backtest.SequentialOptionBacktester - No option chain for date 2025-12-22
[main] WARN com.optionstrader.backtest.SequentialOptionBacktester - No option chain for date 2025-12-22
[main] WARN com.optionstrader.backtest.SequentialOptionBacktester - No option chain for date 2025-12-22
[main] WARN com.optionstrader.backtest.SequentialOptionBacktester - No option chain for date 2025-12-22
[main] WARN com.optionstrader.backtest.SequentialOptionBacktester - No option chain for date 2025-12-22
[main] WARN com.optionstrader.backtest.SequentialOptionBacktester - No option chain for date 2025-12-22
[main] WARN com.optionstrader.backtest.SequentialOptionBacktester - No option chain for date 2025-12-22
[main] WARN com.optionstrader.backtest.SequentialOptionBacktester - No option chain for date 2025-12-22
[main] WARN com.optionstrader.backtest.SequentialOptionBacktester - No option chain for date 2025-12-22
[main] WARN com.optionstrader.backtest.SequentialOptionBacktester - No option chain for date 2025-12-22
[main] WARN com.optionstrader.backtest.SequentialOptionBacktester - No option chain for date 2025-12-22
[main] WARN com.optionstrader.backtest.SequentialOptionBacktester - No option chain for date 2025-12-22
[main] WARN com.optionstrader.backtest.SequentialOptionBacktester - No option chain for date 2025-12-22
[main] WARN com.optionstrader.backtest.SequentialOptionBacktester - No option chain for date 2025-12-22
[main] WARN com.optionstrader.backtest.SequentialOptionBacktester - No option chain for date 2025-12-22
[main] WARN com.optionstrader.backtest.SequentialOptionBacktester - No option chain for date 2025-12-22
[main] WARN com.optionstrader.backtest.SequentialOptionBacktester - No option chain for date 2025-12-22
[main] WARN com.optionstrader.backtest.SequentialOptionBacktester - No option chain for date 2025-12-22
[main] WARN com.optionstrader.backtest.SequentialOptionBacktester - No option chain for date 2025-12-22
[main] WARN com.optionstrader.backtest.SequentialOptionBacktester - No option chain for date 2025-12-22
[main] WARN com.optionstrader.backtest.SequentialOptionBacktester - No option chain for date 2025-12-22
[main] WARN com.optionstrader.backtest.SequentialOptionBacktester - No option chain for date 2025-12-22
[main] WARN com.optionstrader.backtest.SequentialOptionBacktester - No option chain for date 2025-12-22
[main] WARN com.optionstrader.backtest.SequentialOptionBacktester - No option chain for date 2025-12-22
[main] WARN com.optionstrader.backtest.SequentialOptionBacktester - No option chain for date 2025-12-22
[main] WARN com.optionstrader.backtest.SequentialOptionBacktester - No option chain for date 2025-12-22
[main] WARN com.optionstrader.backtest.SequentialOptionBacktester - No option chain for date 2025-12-22
[main] WARN com.optionstrader.backtest.SequentialOptionBacktester - No option chain for date 2025-12-22
[main] WARN com.optionstrader.backtest.SequentialOptionBacktester - No option chain for date 2025-12-22
[main] WARN com.optionstrader.backtest.SequentialOptionBacktester - No option chain for date 2025-12-22
[main] WARN com.optionstrader.backtest.SequentialOptionBacktester - No option chain for date 2025-12-22
[main] WARN com.optionstrader.backtest.SequentialOptionBacktester - No option chain for date 2025-12-22
[main] WARN com.optionstrader.backtest.SequentialOptionBacktester - No option chain for date 2025-12-22
[main] WARN com.optionstrader.backtest.SequentialOptionBacktester - No option chain for date 2025-12-22
[main] WARN com.optionstrader.backtest.SequentialOptionBacktester - No option chain for date 2025-12-22
[main] WARN com.optionstrader.backtest.SequentialOptionBacktester - No option chain for date 2025-12-22
[main] WARN com.optionstrader.backtest.SequentialOptionBacktester - No option chain for date 2025-12-22
[main] WARN com.optionstrader.backtest.SequentialOptionBacktester - No option chain for date 2025-12-22
[main] WARN com.optionstrader.backtest.SequentialOptionBacktester - No option chain for date 2025-12-22
[main] WARN com.optionstrader.backtest.SequentialOptionBacktester - No option chain for date 2025-12-22
[main] WARN com.optionstrader.backtest.SequentialOptionBacktester - No option chain for date 2025-12-22
[main] WARN com.optionstrader.backtest.SequentialOptionBacktester - No option chain for date 2025-12-22
[main] WARN com.optionstrader.backtest.SequentialOptionBacktester - No option chain for date 2025-12-22
[main] WARN com.optionstrader.backtest.SequentialOptionBacktester - No option chain for date 2025-12-22
[main] WARN com.optionstrader.backtest.SequentialOptionBacktester - No option chain for date 2025-12-22
[main] WARN com.optionstrader.backtest.SequentialOptionBacktester - No option chain for date 2025-12-22
[main] WARN com.optionstrader.backtest.SequentialOptionBacktester - No option chain for date 2025-12-22
[main] WARN com.optionstrader.backtest.SequentialOptionBacktester - No option chain for date 2025-12-22
[main] WARN com.optionstrader.backtest.SequentialOptionBacktester - No option chain for date 2025-12-22
[main] WARN com.optionstrader.backtest.SequentialOptionBacktester - No option chain for date 2025-12-22
[main] WARN com.optionstrader.backtest.SequentialOptionBacktester - No option chain for date 2025-12-22
[main] WARN com.optionstrader.backtest.SequentialOptionBacktester - No option chain for date 2025-12-22
[main] WARN com.optionstrader.backtest.SequentialOptionBacktester - No option chain for date 2025-12-22
[main] WARN com.optionstrader.backtest.SequentialOptionBacktester - No option chain for date 2025-12-22
[main] WARN com.optionstrader.backtest.SequentialOptionBacktester - No option chain for date 2025-12-22
[main] WARN com.optionstrader.backtest.SequentialOptionBacktester - No option chain for date 2025-12-22
[main] WARN com.optionstrader.backtest.SequentialOptionBacktester - No option chain for date 2025-12-22
[main] WARN com.optionstrader.backtest.SequentialOptionBacktester - No option chain for date 2025-12-22
[main] WARN com.optionstrader.backtest.SequentialOptionBacktester - No option chain for date 2025-12-22
[main] WARN com.optionstrader.backtest.SequentialOptionBacktester - No option chain for date 2025-12-22
[main] WARN com.optionstrader.backtest.SequentialOptionBacktester - No option chain for date 2025-12-22
[main] WARN com.optionstrader.backtest.SequentialOptionBacktester - No option chain for date 2025-12-22
[main] WARN com.optionstrader.backtest.SequentialOptionBacktester - No option chain for date 2025-12-22
[main] WARN com.optionstrader.backtest.SequentialOptionBacktester - No option chain for date 2025-12-22
[main] WARN com.optionstrader.backtest.SequentialOptionBacktester - No option chain for date 2025-12-22
[main] WARN com.optionstrader.backtest.SequentialOptionBacktester - No option chain for date 2025-12-22
[main] WARN com.optionstrader.backtest.SequentialOptionBacktester - No option chain for date 2025-12-22
[main] WARN com.optionstrader.backtest.SequentialOptionBacktester - No option chain for date 2025-12-22
[main] WARN com.optionstrader.backtest.SequentialOptionBacktester - No option chain for date 2025-12-22
[main] WARN com.optionstrader.backtest.SequentialOptionBacktester - No option chain for date 2025-12-22
[main] WARN com.optionstrader.backtest.SequentialOptionBacktester - No option chain for date 2025-12-22
[main] WARN com.optionstrader.backtest.SequentialOptionBacktester - No option chain for date 2025-12-22
[main] WARN com.optionstrader.backtest.SequentialOptionBacktester - No option chain for date 2025-12-22
[main] WARN com.optionstrader.backtest.SequentialOptionBacktester - No option chain for date 2025-12-22
[main] WARN com.optionstrader.backtest.SequentialOptionBacktester - No option chain for date 2025-12-22
[main] WARN com.optionstrader.backtest.SequentialOptionBacktester - No option chain for date 2025-12-22
[main] WARN com.optionstrader.backtest.SequentialOptionBacktester - No option chain for date 2025-12-22
[main] WARN com.optionstrader.backtest.SequentialOptionBacktester - No option chain for date 2025-12-22
[main] WARN com.optionstrader.backtest.SequentialOptionBacktester - No option chain for date 2025-12-22
[main] WARN com.optionstrader.backtest.SequentialOptionBacktester - No option chain for date 2025-12-22
[main] WARN com.optionstrader.backtest.SequentialOptionBacktester - No option chain for date 2025-12-22
[main] WARN com.optionstrader.backtest.SequentialOptionBacktester - No option chain for date 2025-12-22
[main] WARN com.optionstrader.backtest.SequentialOptionBacktester - No option chain for date 2025-12-22
[main] WARN com.optionstrader.backtest.SequentialOptionBacktester - No option chain for date 2025-12-22
[main] WARN com.optionstrader.backtest.SequentialOptionBacktester - No option chain for date 2025-12-22
[main] WARN com.optionstrader.backtest.SequentialOptionBacktester - No option chain for date 2025-12-22
[main] WARN com.optionstrader.backtest.SequentialOptionBacktester - No option chain for date 2025-12-22
[main] WARN com.optionstrader.backtest.SequentialOptionBacktester - No option chain for date 2025-12-22
[main] WARN com.optionstrader.backtest.SequentialOptionBacktester - No option chain for date 2025-12-22
[main] WARN com.optionstrader.backtest.SequentialOptionBacktester - No option chain for date 2025-12-22
[main] WARN com.optionstrader.backtest.SequentialOptionBacktester - No option chain for date 2025-12-22
[main] WARN com.optionstrader.backtest.SequentialOptionBacktester - No option chain for date 2025-12-22
[main] WARN com.optionstrader.backtest.SequentialOptionBacktester - No option chain for date 2025-12-22
[main] WARN com.optionstrader.backtest.SequentialOptionBacktester - No option chain for date 2025-12-22
[main] WARN com.optionstrader.backtest.SequentialOptionBacktester - No option chain for date 2025-12-22
[main] WARN com.optionstrader.backtest.SequentialOptionBacktester - No option chain for date 2025-12-22
[main] WARN com.optionstrader.backtest.SequentialOptionBacktester - No option chain for date 2025-12-22
[main] WARN com.optionstrader.backtest.SequentialOptionBacktester - No option chain for date 2025-12-22
[main] WARN com.optionstrader.backtest.SequentialOptionBacktester - No option chain for date 2025-12-22
[main] WARN com.optionstrader.backtest.SequentialOptionBacktester - No option chain for date 2025-12-22
[main] WARN com.optionstrader.backtest.SequentialOptionBacktester - No option chain for date 2025-12-22
[main] WARN com.optionstrader.backtest.SequentialOptionBacktester - No option chain for date 2025-12-22
[main] WARN com.optionstrader.backtest.SequentialOptionBacktester - No option chain for date 2025-12-22
[main] WARN com.optionstrader.backtest.SequentialOptionBacktester - No option chain for date 2025-12-22
[main] WARN com.optionstrader.backtest.SequentialOptionBacktester - No option chain for date 2025-12-22
[main] WARN com.optionstrader.backtest.SequentialOptionBacktester - No option chain for date 2025-12-22
[main] WARN com.optionstrader.backtest.SequentialOptionBacktester - No option chain for date 2025-12-22
[main] WARN com.optionstrader.backtest.SequentialOptionBacktester - No option chain for date 2025-12-22
[main] WARN com.optionstrader.backtest.SequentialOptionBacktester - No option chain for date 2025-12-22
[main] WARN com.optionstrader.backtest.SequentialOptionBacktester - No option chain for date 2025-12-22
[main] WARN com.optionstrader.backtest.SequentialOptionBacktester - No option chain for date 2025-12-22
[main] WARN com.optionstrader.backtest.SequentialOptionBacktester - No option chain for date 2025-12-22
[main] WARN com.optionstrader.backtest.SequentialOptionBacktester - No option chain for date 2025-12-22
[main] WARN com.optionstrader.backtest.SequentialOptionBacktester - No option chain for date 2025-12-22
[main] WARN com.optionstrader.backtest.SequentialOptionBacktester - No option chain for date 2025-12-22
[main] WARN com.optionstrader.backtest.SequentialOptionBacktester - No option chain for date 2025-12-22
[main] WARN com.optionstrader.backtest.SequentialOptionBacktester - No option chain for date 2025-12-22
[main] WARN com.optionstrader.backtest.SequentialOptionBacktester - No option chain for date 2025-12-22
[main] WARN com.optionstrader.backtest.SequentialOptionBacktester - No option chain for date 2025-12-22
[main] WARN com.optionstrader.backtest.SequentialOptionBacktester - No option chain for date 2025-12-22
[main] WARN com.optionstrader.backtest.SequentialOptionBacktester - No option chain for date 2025-12-22
[main] WARN com.optionstrader.backtest.SequentialOptionBacktester - No option chain for date 2025-12-22
[main] WARN com.optionstrader.backtest.SequentialOptionBacktester - No option chain for date 2025-12-22
[main] WARN com.optionstrader.backtest.SequentialOptionBacktester - No option chain for date 2025-12-22
[main] WARN com.optionstrader.backtest.SequentialOptionBacktester - No option chain for date 2025-12-22
[main] WARN com.optionstrader.backtest.SequentialOptionBacktester - No option chain for date 2025-12-22
[main] WARN com.optionstrader.backtest.SequentialOptionBacktester - No option chain for date 2025-12-22
[main] WARN com.optionstrader.backtest.SequentialOptionBacktester - No option chain for date 2025-12-22
[main] WARN com.optionstrader.backtest.SequentialOptionBacktester - No option chain for date 2025-12-22
[main] WARN com.optionstrader.backtest.SequentialOptionBacktester - No option chain for date 2025-12-22
[main] WARN com.optionstrader.backtest.SequentialOptionBacktester - No option chain for date 2025-12-22
[main] WARN com.optionstrader.backtest.SequentialOptionBacktester - No option chain for date 2025-12-22
[main] WARN com.optionstrader.backtest.SequentialOptionBacktester - No option chain for date 2025-12-22
[main] WARN com.optionstrader.backtest.SequentialOptionBacktester - No option chain for date 2025-12-22
[main] WARN com.optionstrader.backtest.SequentialOptionBacktester - No option chain for date 2025-12-22
[main] WARN com.optionstrader.backtest.SequentialOptionBacktester - No option chain for date 2025-12-22
[main] WARN com.optionstrader.backtest.SequentialOptionBacktester - No option chain for date 2025-12-22
[main] WARN com.optionstrader.backtest.SequentialOptionBacktester - No option chain for date 2025-12-22
[main] WARN com.optionstrader.backtest.SequentialOptionBacktester - No option chain for date 2025-12-22
[main] WARN com.optionstrader.backtest.SequentialOptionBacktester - No option chain for date 2025-12-22
[main] WARN com.optionstrader.backtest.SequentialOptionBacktester - No option chain for date 2025-12-22
[main] WARN com.optionstrader.backtest.SequentialOptionBacktester - No option chain for date 2025-12-22
[main] WARN com.optionstrader.backtest.SequentialOptionBacktester - No option chain for date 2025-12-22
[main] WARN com.optionstrader.backtest.SequentialOptionBacktester - No option chain for date 2025-12-22
[main] WARN com.optionstrader.backtest.SequentialOptionBacktester - No option chain for date 2025-12-22
[main] WARN com.optionstrader.backtest.SequentialOptionBacktester - No option chain for date 2025-12-22
[main] WARN com.optionstrader.backtest.SequentialOptionBacktester - No option chain for date 2025-12-22
[main] WARN com.optionstrader.backtest.SequentialOptionBacktester - No option chain for date 2025-12-22
[main] WARN com.optionstrader.backtest.SequentialOptionBacktester - No option chain for date 2025-12-22
[main] WARN com.optionstrader.backtest.SequentialOptionBacktester - No option chain for date 2025-12-22
[main] WARN com.optionstrader.backtest.SequentialOptionBacktester - No option chain for date 2025-12-22
[main] WARN com.optionstrader.backtest.SequentialOptionBacktester - No option chain for date 2025-12-22
[main] WARN com.optionstrader.backtest.SequentialOptionBacktester - No option chain for date 2025-12-22
[main] WARN com.optionstrader.backtest.SequentialOptionBacktester - No option chain for date 2025-12-22
[main] WARN com.optionstrader.backtest.SequentialOptionBacktester - No option chain for date 2025-12-22
[main] WARN com.optionstrader.backtest.SequentialOptionBacktester - No option chain for date 2025-12-22
[main] WARN com.optionstrader.backtest.SequentialOptionBacktester - No option chain for date 2025-12-22
[main] WARN com.optionstrader.backtest.SequentialOptionBacktester - No option chain for date 2025-12-22
[main] WARN com.optionstrader.backtest.SequentialOptionBacktester - No option chain for date 2025-12-22
[main] WARN com.optionstrader.backtest.SequentialOptionBacktester - No option chain for date 2025-12-22
[main] WARN com.optionstrader.backtest.SequentialOptionBacktester - No option chain for date 2025-12-22
[main] WARN com.optionstrader.backtest.SequentialOptionBacktester - No option chain for date 2025-12-22
[main] WARN com.optionstrader.backtest.SequentialOptionBacktester - No option chain for date 2025-12-22
[main] WARN com.optionstrader.backtest.SequentialOptionBacktester - No option chain for date 2025-12-22
[main] WARN com.optionstrader.backtest.SequentialOptionBacktester - No option chain for date 2025-12-22
[main] WARN com.optionstrader.backtest.SequentialOptionBacktester - No option chain for date 2025-12-22
[main] WARN com.optionstrader.backtest.SequentialOptionBacktester - No option chain for date 2025-12-22
[main] WARN com.optionstrader.backtest.SequentialOptionBacktester - No option chain for date 2025-12-22
[main] WARN com.optionstrader.backtest.SequentialOptionBacktester - No option chain for date 2025-12-22
[main] WARN com.optionstrader.backtest.SequentialOptionBacktester - No option chain for date 2025-12-22
[main] WARN com.optionstrader.backtest.SequentialOptionBacktester - No option chain for date 2025-12-22
[main] WARN com.optionstrader.backtest.SequentialOptionBacktester - No option chain for date 2025-12-22
[main] WARN com.optionstrader.backtest.SequentialOptionBacktester - No option chain for date 2025-12-22
[main] WARN com.optionstrader.backtest.SequentialOptionBacktester - No option chain for date 2025-12-22
[main] WARN com.optionstrader.backtest.SequentialOptionBacktester - No option chain for date 2025-12-22
[main] WARN com.optionstrader.backtest.SequentialOptionBacktester - No option chain for date 2025-12-22
[main] WARN com.optionstrader.backtest.SequentialOptionBacktester - No option chain for date 2025-12-22
[main] WARN com.optionstrader.backtest.SequentialOptionBacktester - No option chain for date 2025-12-22
[main] WARN com.optionstrader.backtest.SequentialOptionBacktester - No option chain for date 2025-12-22
[main] WARN com.optionstrader.backtest.SequentialOptionBacktester - No option chain for date 2025-12-22
[main] WARN com.optionstrader.backtest.SequentialOptionBacktester - No option chain for date 2025-12-22
[main] WARN com.optionstrader.backtest.SequentialOptionBacktester - No option chain for date 2025-12-22
[main] WARN com.optionstrader.backtest.SequentialOptionBacktester - No option chain for date 2025-12-22
[main] WARN com.optionstrader.backtest.SequentialOptionBacktester - No option chain for date 2025-12-22
[main] WARN com.optionstrader.backtest.SequentialOptionBacktester - No option chain for date 2025-12-22
[main] WARN com.optionstrader.backtest.SequentialOptionBacktester - No option chain for date 2025-12-22
[main] WARN com.optionstrader.backtest.SequentialOptionBacktester - No option chain for date 2025-12-22
[main] WARN com.optionstrader.backtest.SequentialOptionBacktester - No option chain for date 2025-12-22
[main] WARN com.optionstrader.backtest.SequentialOptionBacktester - No option chain for date 2025-12-22
[main] WARN com.optionstrader.backtest.SequentialOptionBacktester - No option chain for date 2025-12-22
[main] WARN com.optionstrader.backtest.SequentialOptionBacktester - No option chain for date 2025-12-22
[main] WARN com.optionstrader.backtest.SequentialOptionBacktester - No option chain for date 2025-12-22
[main] WARN com.optionstrader.backtest.SequentialOptionBacktester - No option chain for date 2025-12-22
[main] WARN com.optionstrader.backtest.SequentialOptionBacktester - No option chain for date 2025-12-22
[main] WARN com.optionstrader.backtest.SequentialOptionBacktester - No option chain for date 2025-12-22
[main] WARN com.optionstrader.backtest.SequentialOptionBacktester - No option chain for date 2025-12-22
[main] WARN com.optionstrader.backtest.SequentialOptionBacktester - No option chain for date 2025-12-22
[main] WARN com.optionstrader.backtest.SequentialOptionBacktester - No option chain for date 2025-12-22
[main] WARN com.optionstrader.backtest.SequentialOptionBacktester - No option chain for date 2025-12-22
[main] WARN com.optionstrader.backtest.SequentialOptionBacktester - No option chain for date 2025-12-22
[main] WARN com.optionstrader.backtest.SequentialOptionBacktester - No option chain for date 2025-12-22
[main] WARN com.optionstrader.backtest.SequentialOptionBacktester - No option chain for date 2025-12-22
[main] WARN com.optionstrader.backtest.SequentialOptionBacktester - No option chain for date 2025-12-22
[main] WARN com.optionstrader.backtest.SequentialOptionBacktester - No option chain for date 2025-12-22
[main] WARN com.optionstrader.backtest.SequentialOptionBacktester - No option chain for date 2025-12-22
[main] WARN com.optionstrader.backtest.SequentialOptionBacktester - No option chain for date 2025-12-22
[main] WARN com.optionstrader.backtest.SequentialOptionBacktester - No option chain for date 2025-12-22
[main] WARN com.optionstrader.backtest.SequentialOptionBacktester - No option chain for date 2025-12-22
[main] WARN com.optionstrader.backtest.SequentialOptionBacktester - No option chain for date 2025-12-22
[main] WARN com.optionstrader.backtest.SequentialOptionBacktester - No option chain for date 2025-12-22
[main] WARN com.optionstrader.backtest.SequentialOptionBacktester - No option chain for date 2025-12-22
[main] WARN com.optionstrader.backtest.SequentialOptionBacktester - No option chain for date 2025-12-22
[main] WARN com.optionstrader.backtest.SequentialOptionBacktester - No option chain for date 2025-12-22
[main] WARN com.optionstrader.backtest.SequentialOptionBacktester - No option chain for date 2025-12-22
[main] WARN com.optionstrader.backtest.SequentialOptionBacktester - No option chain for date 2025-12-22
[main] WARN com.optionstrader.backtest.SequentialOptionBacktester - No option chain for date 2025-12-22
[main] WARN com.optionstrader.backtest.SequentialOptionBacktester - No option chain for date 2025-12-22
[main] WARN com.optionstrader.backtest.SequentialOptionBacktester - No option chain for date 2025-12-22
[main] WARN com.optionstrader.backtest.SequentialOptionBacktester - No option chain for date 2025-12-22
[main] WARN com.optionstrader.backtest.SequentialOptionBacktester - No option chain for date 2025-12-22
[main] WARN com.optionstrader.backtest.SequentialOptionBacktester - No option chain for date 2025-12-22
[main] WARN com.optionstrader.backtest.SequentialOptionBacktester - No option chain for date 2025-12-22
[main] WARN com.optionstrader.backtest.SequentialOptionBacktester - No option chain for date 2025-12-22
[main] WARN com.optionstrader.backtest.SequentialOptionBacktester - No option chain for date 2025-12-22
[main] WARN com.optionstrader.backtest.SequentialOptionBacktester - No option chain for date 2025-12-22
[main] WARN com.optionstrader.backtest.SequentialOptionBacktester - No option chain for date 2025-12-22
[main] WARN com.optionstrader.backtest.SequentialOptionBacktester - No option chain for date 2025-12-22
[main] WARN com.optionstrader.backtest.SequentialOptionBacktester - No option chain for date 2025-12-22
[main] WARN com.optionstrader.backtest.SequentialOptionBacktester - No option chain for date 2025-12-22
[main] WARN com.optionstrader.backtest.SequentialOptionBacktester - No option chain for date 2025-12-22
[main] WARN com.optionstrader.backtest.SequentialOptionBacktester - No option chain for date 2025-12-22
[main] WARN com.optionstrader.backtest.SequentialOptionBacktester - No option chain for date 2025-12-22
[main] WARN com.optionstrader.backtest.SequentialOptionBacktester - No option chain for date 2025-12-22
[main] WARN com.optionstrader.backtest.SequentialOptionBacktester - No option chain for date 2025-12-22
[main] WARN com.optionstrader.backtest.SequentialOptionBacktester - No option chain for date 2025-12-22
[main] WARN com.optionstrader.backtest.SequentialOptionBacktester - No option chain for date 2025-12-22
[main] WARN com.optionstrader.backtest.SequentialOptionBacktester - No option chain for date 2025-12-22
[main] WARN com.optionstrader.backtest.SequentialOptionBacktester - No option chain for date 2025-12-22
[main] WARN com.optionstrader.backtest.SequentialOptionBacktester - No option chain for date 2025-12-22
[main] WARN com.optionstrader.backtest.SequentialOptionBacktester - No option chain for date 2025-12-22
[main] WARN com.optionstrader.backtest.SequentialOptionBacktester - No option chain for date 2025-12-22
[main] WARN com.optionstrader.backtest.SequentialOptionBacktester - No option chain for date 2025-12-22
[main] WARN com.optionstrader.backtest.SequentialOptionBacktester - No option chain for date 2025-12-22
[main] WARN com.optionstrader.backtest.SequentialOptionBacktester - No option chain for date 2025-12-22
[main] WARN com.optionstrader.backtest.SequentialOptionBacktester - No option chain for date 2025-12-22
[main] WARN com.optionstrader.backtest.SequentialOptionBacktester - No option chain for date 2025-12-22
[main] WARN com.optionstrader.backtest.SequentialOptionBacktester - No option chain for date 2025-12-22
[main] WARN com.optionstrader.backtest.SequentialOptionBacktester - No option chain for date 2025-12-22
[main] WARN com.optionstrader.backtest.SequentialOptionBacktester - No option chain for date 2025-12-22
[main] WARN com.optionstrader.backtest.SequentialOptionBacktester - No option chain for date 2025-12-22
[main] WARN com.optionstrader.backtest.SequentialOptionBacktester - No option chain for date 2025-12-22
[main] WARN com.optionstrader.backtest.SequentialOptionBacktester - No option chain for date 2025-12-22
[main] WARN com.optionstrader.backtest.SequentialOptionBacktester - No option chain for date 2025-12-22
[main] WARN com.optionstrader.backtest.SequentialOptionBacktester - No option chain for date 2025-12-22
[main] WARN com.optionstrader.backtest.SequentialOptionBacktester - No option chain for date 2025-12-22
[main] WARN com.optionstrader.backtest.SequentialOptionBacktester - No option chain for date 2025-12-22
[main] WARN com.optionstrader.backtest.SequentialOptionBacktester - No option chain for date 2025-12-22
[main] WARN com.optionstrader.backtest.SequentialOptionBacktester - No option chain for date 2025-12-22
[main] WARN com.optionstrader.backtest.SequentialOptionBacktester - No option chain for date 2025-12-22
[main] WARN com.optionstrader.backtest.SequentialOptionBacktester - No option chain for date 2025-12-22
[main] WARN com.optionstrader.backtest.SequentialOptionBacktester - No option chain for date 2025-12-22
[main] WARN com.optionstrader.backtest.SequentialOptionBacktester - No option chain for date 2025-12-22
[main] WARN com.optionstrader.backtest.SequentialOptionBacktester - No option chain for date 2025-12-22
[main] WARN com.optionstrader.backtest.SequentialOptionBacktester - No option chain for date 2025-12-22
[main] WARN com.optionstrader.backtest.SequentialOptionBacktester - No option chain for date 2025-12-22
[main] WARN com.optionstrader.backtest.SequentialOptionBacktester - No option chain for date 2025-12-22
[main] WARN com.optionstrader.backtest.SequentialOptionBacktester - No option chain for date 2025-12-22
[main] WARN com.optionstrader.backtest.SequentialOptionBacktester - No option chain for date 2025-12-22
[main] WARN com.optionstrader.backtest.SequentialOptionBacktester - No option chain for date 2025-12-22
[main] WARN com.optionstrader.backtest.SequentialOptionBacktester - No option chain for date 2025-12-22
[main] WARN com.optionstrader.backtest.SequentialOptionBacktester - No option chain for date 2025-12-22
[main] WARN com.optionstrader.backtest.SequentialOptionBacktester - No option chain for date 2025-12-22
[main] WARN com.optionstrader.backtest.SequentialOptionBacktester - No option chain for date 2025-12-22
[main] WARN com.optionstrader.backtest.SequentialOptionBacktester - No option chain for date 2025-12-22
[main] WARN com.optionstrader.backtest.SequentialOptionBacktester - No option chain for date 2025-12-22
[main] WARN com.optionstrader.backtest.SequentialOptionBacktester - No option chain for date 2025-12-22
[main] WARN com.optionstrader.backtest.SequentialOptionBacktester - No option chain for date 2025-12-22
[main] WARN com.optionstrader.backtest.SequentialOptionBacktester - No option chain for date 2025-12-22
[main] WARN com.optionstrader.backtest.SequentialOptionBacktester - No option chain for date 2025-12-22
[main] WARN com.optionstrader.backtest.SequentialOptionBacktester - No option chain for date 2025-12-22
[main] WARN com.optionstrader.backtest.SequentialOptionBacktester - No option chain for date 2025-12-22
[main] WARN com.optionstrader.backtest.SequentialOptionBacktester - No option chain for date 2025-12-22
[main] WARN com.optionstrader.backtest.SequentialOptionBacktester - No option chain for date 2025-12-22
[main] WARN com.optionstrader.backtest.SequentialOptionBacktester - No option chain for date 2025-12-22
[main] WARN com.optionstrader.backtest.SequentialOptionBacktester - No option chain for date 2025-12-22
[main] WARN com.optionstrader.backtest.SequentialOptionBacktester - No option chain for date 2025-12-22
[main] WARN com.optionstrader.backtest.SequentialOptionBacktester - No option chain for date 2025-12-22
[main] WARN com.optionstrader.backtest.SequentialOptionBacktester - No option chain for date 2025-12-22
[main] WARN com.optionstrader.backtest.SequentialOptionBacktester - No option chain for date 2025-12-22
[main] WARN com.optionstrader.backtest.SequentialOptionBacktester - No option chain for date 2025-12-22
[main] WARN com.optionstrader.backtest.SequentialOptionBacktester - No option chain for date 2025-12-22
[main] WARN com.optionstrader.backtest.SequentialOptionBacktester - No option chain for date 2025-12-22
[main] WARN com.optionstrader.backtest.SequentialOptionBacktester - No option chain for date 2025-12-22
[main] WARN com.optionstrader.backtest.SequentialOptionBacktester - No option chain for date 2025-12-22
[main] WARN com.optionstrader.backtest.SequentialOptionBacktester - No option chain for date 2025-12-22
[main] WARN com.optionstrader.backtest.SequentialOptionBacktester - No option chain for date 2025-12-22
[main] WARN com.optionstrader.backtest.SequentialOptionBacktester - No option chain for date 2025-12-22
[main] WARN com.optionstrader.backtest.SequentialOptionBacktester - No option chain for date 2025-12-22
[main] WARN com.optionstrader.backtest.SequentialOptionBacktester - No option chain for date 2025-12-22
[main] WARN com.optionstrader.backtest.SequentialOptionBacktester - No option chain for date 2025-12-22
[main] WARN com.optionstrader.backtest.SequentialOptionBacktester - No option chain for date 2025-12-22
[main] WARN com.optionstrader.backtest.SequentialOptionBacktester - No option chain for date 2025-12-22
[main] WARN com.optionstrader.backtest.SequentialOptionBacktester - No option chain for date 2025-12-22
[main] WARN com.optionstrader.backtest.SequentialOptionBacktester - No option chain for date 2025-12-22
[main] WARN com.optionstrader.backtest.SequentialOptionBacktester - No option chain for date 2025-12-22
[main] WARN com.optionstrader.backtest.SequentialOptionBacktester - No option chain for date 2025-12-22
[main] WARN com.optionstrader.backtest.SequentialOptionBacktester - No option chain for date 2025-12-22
[main] WARN com.optionstrader.backtest.SequentialOptionBacktester - No option chain for date 2025-12-22
[main] WARN com.optionstrader.backtest.SequentialOptionBacktester - No option chain for date 2025-12-22
[main] WARN com.optionstrader.backtest.SequentialOptionBacktester - No option chain for date 2025-12-22
[main] WARN com.optionstrader.backtest.SequentialOptionBacktester - No option chain for date 2025-12-22
[main] WARN com.optionstrader.backtest.SequentialOptionBacktester - No option chain for date 2025-12-22
[main] WARN com.optionstrader.backtest.SequentialOptionBacktester - No option chain for date 2025-12-22
[main] WARN com.optionstrader.backtest.SequentialOptionBacktester - No option chain for date 2025-12-22
[main] WARN com.optionstrader.backtest.SequentialOptionBacktester - No option chain for date 2025-12-22
[main] WARN com.optionstrader.backtest.SequentialOptionBacktester - No option chain for date 2025-12-22
[main] WARN com.optionstrader.backtest.SequentialOptionBacktester - No option chain for date 2025-12-22
[main] WARN com.optionstrader.backtest.SequentialOptionBacktester - No option chain for date 2025-12-22
[main] WARN com.optionstrader.backtest.SequentialOptionBacktester - No option chain for date 2025-12-22
[main] WARN com.optionstrader.backtest.SequentialOptionBacktester - No option chain for date 2025-12-22
[main] WARN com.optionstrader.backtest.SequentialOptionBacktester - No option chain for date 2025-12-22
[main] WARN com.optionstrader.backtest.SequentialOptionBacktester - No option chain for date 2025-12-22
[main] WARN com.optionstrader.backtest.SequentialOptionBacktester - No option chain for date 2025-12-22
[main] WARN com.optionstrader.backtest.SequentialOptionBacktester - No option chain for date 2025-12-22
[main] WARN com.optionstrader.backtest.SequentialOptionBacktester - No option chain for date 2025-12-22
[main] WARN com.optionstrader.backtest.SequentialOptionBacktester - No option chain for date 2025-12-22
[main] WARN com.optionstrader.backtest.SequentialOptionBacktester - No option chain for date 2025-12-22
[main] WARN com.optionstrader.backtest.SequentialOptionBacktester - No option chain for date 2025-12-22
[main] WARN com.optionstrader.backtest.SequentialOptionBacktester - No option chain for date 2025-12-22
[main] WARN com.optionstrader.backtest.SequentialOptionBacktester - No option chain for date 2025-12-22
[main] WARN com.optionstrader.backtest.SequentialOptionBacktester - No option chain for date 2025-12-22
[main] WARN com.optionstrader.backtest.SequentialOptionBacktester - No option chain for date 2025-12-22
[main] WARN com.optionstrader.backtest.SequentialOptionBacktester - No option chain for date 2025-12-22
[main] WARN com.optionstrader.backtest.SequentialOptionBacktester - No option chain for date 2025-12-22
[main] WARN com.optionstrader.backtest.SequentialOptionBacktester - No option chain for date 2025-12-22
[main] WARN com.optionstrader.backtest.SequentialOptionBacktester - No option chain for date 2025-12-22
[main] WARN com.optionstrader.backtest.SequentialOptionBacktester - No option chain for date 2025-12-22
[main] WARN com.optionstrader.backtest.SequentialOptionBacktester - No option chain for date 2025-12-22
[main] WARN com.optionstrader.backtest.SequentialOptionBacktester - No option chain for date 2025-12-22
[main] WARN com.optionstrader.backtest.SequentialOptionBacktester - No option chain for date 2025-12-22
[main] WARN com.optionstrader.backtest.SequentialOptionBacktester - No option chain for date 2025-12-22
[main] WARN com.optionstrader.backtest.SequentialOptionBacktester - No option chain for date 2025-12-22
[main] WARN com.optionstrader.backtest.SequentialOptionBacktester - No option chain for date 2025-12-22
[main] WARN com.optionstrader.backtest.SequentialOptionBacktester - No option chain for date 2025-12-22
[main] WARN com.optionstrader.backtest.SequentialOptionBacktester - No option chain for date 2025-12-22
[main] WARN com.optionstrader.backtest.SequentialOptionBacktester - No option chain for date 2025-12-22
[main] WARN com.optionstrader.backtest.SequentialOptionBacktester - No option chain for date 2025-12-22
[main] WARN com.optionstrader.backtest.SequentialOptionBacktester - No option chain for date 2025-12-22
[main] WARN com.optionstrader.backtest.SequentialOptionBacktester - No option chain for date 2025-12-22
[main] WARN com.optionstrader.backtest.SequentialOptionBacktester - No option chain for date 2025-12-22
[main] WARN com.optionstrader.backtest.SequentialOptionBacktester - No option chain for date 2025-12-22
[main] WARN com.optionstrader.backtest.SequentialOptionBacktester - No option chain for date 2025-12-22
[main] WARN com.optionstrader.backtest.SequentialOptionBacktester - No option chain for date 2025-12-22
[main] WARN com.optionstrader.backtest.SequentialOptionBacktester - No option chain for date 2025-12-22
[main] WARN com.optionstrader.backtest.SequentialOptionBacktester - No option chain for date 2025-12-22
[main] WARN com.optionstrader.backtest.SequentialOptionBacktester - No option chain for date 2025-12-22
[main] WARN com.optionstrader.backtest.SequentialOptionBacktester - No option chain for date 2025-12-22
[main] WARN com.optionstrader.backtest.SequentialOptionBacktester - No option chain for date 2025-12-22
[main] WARN com.optionstrader.backtest.SequentialOptionBacktester - No option chain for date 2025-12-22
[main] WARN com.optionstrader.backtest.SequentialOptionBacktester - No option chain for date 2025-12-22
[main] WARN com.optionstrader.backtest.SequentialOptionBacktester - No option chain for date 2025-12-22
[main] WARN com.optionstrader.backtest.SequentialOptionBacktester - No option chain for date 2025-12-22
[main] WARN com.optionstrader.backtest.SequentialOptionBacktester - No option chain for date 2025-12-22
[main] WARN com.optionstrader.backtest.SequentialOptionBacktester - No option chain for date 2025-12-22
[main] WARN com.optionstrader.backtest.SequentialOptionBacktester - No option chain for date 2025-12-22
[main] WARN com.optionstrader.backtest.SequentialOptionBacktester - No option chain for date 2025-12-22
[main] WARN com.optionstrader.backtest.SequentialOptionBacktester - No option chain for date 2025-12-22
[main] WARN com.optionstrader.backtest.SequentialOptionBacktester - No option chain for date 2025-12-22
[main] WARN com.optionstrader.backtest.SequentialOptionBacktester - No option chain for date 2025-12-22
[main] WARN com.optionstrader.backtest.SequentialOptionBacktester - No option chain for date 2025-12-22
[main] WARN com.optionstrader.backtest.SequentialOptionBacktester - No option chain for date 2025-12-22
[main] WARN com.optionstrader.backtest.SequentialOptionBacktester - No option chain for date 2025-12-22
[main] WARN com.optionstrader.backtest.SequentialOptionBacktester - No option chain for date 2025-12-22
[main] WARN com.optionstrader.backtest.SequentialOptionBacktester - No option chain for date 2025-12-22
[main] WARN com.optionstrader.backtest.SequentialOptionBacktester - No option chain for date 2025-12-22
[main] WARN com.optionstrader.backtest.SequentialOptionBacktester - No option chain for date 2025-12-22
[main] WARN com.optionstrader.backtest.SequentialOptionBacktester - No option chain for date 2025-12-22
[main] WARN com.optionstrader.backtest.SequentialOptionBacktester - No option chain for date 2025-12-22
[main] WARN com.optionstrader.backtest.SequentialOptionBacktester - No option chain for date 2025-12-22
[main] WARN com.optionstrader.backtest.SequentialOptionBacktester - No option chain for date 2025-12-22
[main] WARN com.optionstrader.backtest.SequentialOptionBacktester - No option chain for date 2025-12-22
[main] WARN com.optionstrader.backtest.SequentialOptionBacktester - No option chain for date 2025-12-22
[main] WARN com.optionstrader.backtest.SequentialOptionBacktester - No option chain for date 2025-12-22
[main] WARN com.optionstrader.backtest.SequentialOptionBacktester - No option chain for date 2025-12-22
[main] WARN com.optionstrader.backtest.SequentialOptionBacktester - No option chain for date 2025-12-22
[main] WARN com.optionstrader.backtest.SequentialOptionBacktester - No option chain for date 2025-12-22
[main] WARN com.optionstrader.backtest.SequentialOptionBacktester - No option chain for date 2025-12-22
[main] WARN com.optionstrader.backtest.SequentialOptionBacktester - No option chain for date 2025-12-22
[main] WARN com.optionstrader.backtest.SequentialOptionBacktester - No option chain for date 2025-12-22
[main] WARN com.optionstrader.backtest.SequentialOptionBacktester - No option chain for date 2025-12-22
[main] WARN com.optionstrader.backtest.SequentialOptionBacktester - No option chain for date 2025-12-22
[main] WARN com.optionstrader.backtest.SequentialOptionBacktester - No option chain for date 2025-12-22
[main] WARN com.optionstrader.backtest.SequentialOptionBacktester - No option chain for date 2025-12-22
[main] WARN com.optionstrader.backtest.SequentialOptionBacktester - No option chain for date 2025-12-22
[main] WARN com.optionstrader.backtest.SequentialOptionBacktester - No option chain for date 2025-12-22
[main] WARN com.optionstrader.backtest.SequentialOptionBacktester - No option chain for date 2025-12-22
[main] WARN com.optionstrader.backtest.SequentialOptionBacktester - No option chain for date 2025-12-22
[main] WARN com.optionstrader.backtest.SequentialOptionBacktester - No option chain for date 2025-12-22
[main] WARN com.optionstrader.backtest.SequentialOptionBacktester - No option chain for date 2025-12-22
[main] WARN com.optionstrader.backtest.SequentialOptionBacktester - No option chain for date 2025-12-22
[main] WARN com.optionstrader.backtest.SequentialOptionBacktester - No option chain for date 2025-12-22
[main] WARN com.optionstrader.backtest.SequentialOptionBacktester - No option chain for date 2025-12-22
[main] WARN com.optionstrader.backtest.SequentialOptionBacktester - No option chain for date 2025-12-22
[main] WARN com.optionstrader.backtest.SequentialOptionBacktester - No option chain for date 2025-12-22
[main] WARN com.optionstrader.backtest.SequentialOptionBacktester - No option chain for date 2025-12-22
[main] WARN com.optionstrader.backtest.SequentialOptionBacktester - No option chain for date 2025-12-22
[main] WARN com.optionstrader.backtest.SequentialOptionBacktester - No option chain for date 2025-12-22
[main] WARN com.optionstrader.backtest.SequentialOptionBacktester - No option chain for date 2025-12-22
[main] WARN com.optionstrader.backtest.SequentialOptionBacktester - No option chain for date 2025-12-22
[main] WARN com.optionstrader.backtest.SequentialOptionBacktester - No option chain for date 2025-12-22
[main] WARN com.optionstrader.backtest.SequentialOptionBacktester - No option chain for date 2025-12-22
[main] WARN com.optionstrader.backtest.SequentialOptionBacktester - No option chain for date 2025-12-22
[main] WARN com.optionstrader.backtest.SequentialOptionBacktester - No option chain for date 2025-12-22
[main] WARN com.optionstrader.backtest.SequentialOptionBacktester - No option chain for date 2025-12-22
[main] WARN com.optionstrader.backtest.SequentialOptionBacktester - No option chain for date 2025-12-22
[main] WARN com.optionstrader.backtest.SequentialOptionBacktester - No option chain for date 2025-12-22
[main] WARN com.optionstrader.backtest.SequentialOptionBacktester - No option chain for date 2025-12-22
[main] WARN com.optionstrader.backtest.SequentialOptionBacktester - No option chain for date 2025-12-22
[main] WARN com.optionstrader.backtest.SequentialOptionBacktester - No option chain for date 2025-12-22
[main] WARN com.optionstrader.backtest.SequentialOptionBacktester - No option chain for date 2025-12-22
[main] WARN com.optionstrader.backtest.SequentialOptionBacktester - No option chain for date 2025-12-22
[main] WARN com.optionstrader.backtest.SequentialOptionBacktester - No option chain for date 2025-12-22
[main] WARN com.optionstrader.backtest.SequentialOptionBacktester - No option chain for date 2025-12-22
[main] WARN com.optionstrader.backtest.SequentialOptionBacktester - No option chain for date 2025-12-22
[main] WARN com.optionstrader.backtest.SequentialOptionBacktester - No option chain for date 2025-12-22
[main] WARN com.optionstrader.backtest.SequentialOptionBacktester - No option chain for date 2025-12-22
[main] WARN com.optionstrader.backtest.SequentialOptionBacktester - No option chain for date 2025-12-22
[main] WARN com.optionstrader.backtest.SequentialOptionBacktester - No option chain for date 2025-12-22
[main] WARN com.optionstrader.backtest.SequentialOptionBacktester - No option chain for date 2025-12-22
[main] WARN com.optionstrader.backtest.SequentialOptionBacktester - No option chain for date 2025-12-22
[main] WARN com.optionstrader.backtest.SequentialOptionBacktester - No option chain for date 2025-12-22
[main] WARN com.optionstrader.backtest.SequentialOptionBacktester - No option chain for date 2025-12-22
[main] WARN com.optionstrader.backtest.SequentialOptionBacktester - No option chain for date 2025-12-22
[main] WARN com.optionstrader.backtest.SequentialOptionBacktester - No option chain for date 2025-12-22
[main] WARN com.optionstrader.backtest.SequentialOptionBacktester - No option chain for date 2025-12-22
[main] WARN com.optionstrader.backtest.SequentialOptionBacktester - No option chain for date 2025-12-22
[main] WARN com.optionstrader.backtest.SequentialOptionBacktester - No option chain for date 2025-12-22
[main] WARN com.optionstrader.backtest.SequentialOptionBacktester - No option chain for date 2025-12-22
[main] WARN com.optionstrader.backtest.SequentialOptionBacktester - No option chain for date 2025-12-22
[main] WARN com.optionstrader.backtest.SequentialOptionBacktester - No option chain for date 2025-12-22
[main] WARN com.optionstrader.backtest.SequentialOptionBacktester - No option chain for date 2025-12-22
[main] WARN com.optionstrader.backtest.SequentialOptionBacktester - No option chain for date 2025-12-22
[main] WARN com.optionstrader.backtest.SequentialOptionBacktester - No option chain for date 2025-12-22
[main] WARN com.optionstrader.backtest.SequentialOptionBacktester - No option chain for date 2025-12-22
[main] WARN com.optionstrader.backtest.SequentialOptionBacktester - No option chain for date 2025-12-22
[main] WARN com.optionstrader.backtest.SequentialOptionBacktester - No option chain for date 2025-12-22
[main] WARN com.optionstrader.backtest.SequentialOptionBacktester - No option chain for date 2025-12-22
[main] WARN com.optionstrader.backtest.SequentialOptionBacktester - No option chain for date 2025-12-22
[main] WARN com.optionstrader.backtest.SequentialOptionBacktester - No option chain for date 2025-12-22
[main] WARN com.optionstrader.backtest.SequentialOptionBacktester - No option chain for date 2025-12-22
[main] WARN com.optionstrader.backtest.SequentialOptionBacktester - No option chain for date 2025-12-22
[main] WARN com.optionstrader.backtest.SequentialOptionBacktester - No option chain for date 2025-12-22
[main] WARN com.optionstrader.backtest.SequentialOptionBacktester - No option chain for date 2025-12-22
[main] WARN com.optionstrader.backtest.SequentialOptionBacktester - No option chain for date 2025-12-22
[main] WARN com.optionstrader.backtest.SequentialOptionBacktester - No option chain for date 2025-12-22
[main] WARN com.optionstrader.backtest.SequentialOptionBacktester - No option chain for date 2025-12-22
[main] WARN com.optionstrader.backtest.SequentialOptionBacktester - No option chain for date 2025-12-22
[main] WARN com.optionstrader.backtest.SequentialOptionBacktester - No option chain for date 2025-12-22
[main] WARN com.optionstrader.backtest.SequentialOptionBacktester - No option chain for date 2025-12-22
[main] WARN com.optionstrader.backtest.SequentialOptionBacktester - No option chain for date 2025-12-22
[main] WARN com.optionstrader.backtest.SequentialOptionBacktester - No option chain for date 2025-12-22
[main] WARN com.optionstrader.backtest.SequentialOptionBacktester - No option chain for date 2025-12-22
[main] WARN com.optionstrader.backtest.SequentialOptionBacktester - No option chain for date 2025-12-23
[main] WARN com.optionstrader.backtest.SequentialOptionBacktester - No option chain for date 2025-12-23
[main] WARN com.optionstrader.backtest.SequentialOptionBacktester - No option chain for date 2025-12-23
[main] WARN com.optionstrader.backtest.SequentialOptionBacktester - No option chain for date 2025-12-23
[main] WARN com.optionstrader.backtest.SequentialOptionBacktester - No option chain for date 2025-12-23
[main] WARN com.optionstrader.backtest.SequentialOptionBacktester - No option chain for date 2025-12-23
[main] WARN com.optionstrader.backtest.SequentialOptionBacktester - No option chain for date 2025-12-23
[main] WARN com.optionstrader.backtest.SequentialOptionBacktester - No option chain for date 2025-12-23
[main] WARN com.optionstrader.backtest.SequentialOptionBacktester - No option chain for date 2025-12-23
[main] WARN com.optionstrader.backtest.SequentialOptionBacktester - No option chain for date 2025-12-23
[main] WARN com.optionstrader.backtest.SequentialOptionBacktester - No option chain for date 2025-12-23
[main] WARN com.optionstrader.backtest.SequentialOptionBacktester - No option chain for date 2025-12-23
[main] WARN com.optionstrader.backtest.SequentialOptionBacktester - No option chain for date 2025-12-23
[main] WARN com.optionstrader.backtest.SequentialOptionBacktester - No option chain for date 2025-12-23
[main] WARN com.optionstrader.backtest.SequentialOptionBacktester - No option chain for date 2025-12-23
[main] WARN com.optionstrader.backtest.SequentialOptionBacktester - No option chain for date 2025-12-23
[main] WARN com.optionstrader.backtest.SequentialOptionBacktester - No option chain for date 2025-12-23
[main] WARN com.optionstrader.backtest.SequentialOptionBacktester - No option chain for date 2025-12-23
[main] WARN com.optionstrader.backtest.SequentialOptionBacktester - No option chain for date 2025-12-23
[main] WARN com.optionstrader.backtest.SequentialOptionBacktester - No option chain for date 2025-12-23
[main] WARN com.optionstrader.backtest.SequentialOptionBacktester - No option chain for date 2025-12-23
[main] WARN com.optionstrader.backtest.SequentialOptionBacktester - No option chain for date 2025-12-23
[main] WARN com.optionstrader.backtest.SequentialOptionBacktester - No option chain for date 2025-12-23
[main] WARN com.optionstrader.backtest.SequentialOptionBacktester - No option chain for date 2025-12-23
[main] WARN com.optionstrader.backtest.SequentialOptionBacktester - No option chain for date 2025-12-23
[main] WARN com.optionstrader.backtest.SequentialOptionBacktester - No option chain for date 2025-12-23
[main] WARN com.optionstrader.backtest.SequentialOptionBacktester - No option chain for date 2025-12-23
[main] WARN com.optionstrader.backtest.SequentialOptionBacktester - No option chain for date 2025-12-23
[main] WARN com.optionstrader.backtest.SequentialOptionBacktester - No option chain for date 2025-12-23
[main] WARN com.optionstrader.backtest.SequentialOptionBacktester - No option chain for date 2025-12-23
[main] WARN com.optionstrader.backtest.SequentialOptionBacktester - No option chain for date 2025-12-23
[main] WARN com.optionstrader.backtest.SequentialOptionBacktester - No option chain for date 2025-12-23
[main] WARN com.optionstrader.backtest.SequentialOptionBacktester - No option chain for date 2025-12-23
[main] WARN com.optionstrader.backtest.SequentialOptionBacktester - No option chain for date 2025-12-23
[main] WARN com.optionstrader.backtest.SequentialOptionBacktester - No option chain for date 2025-12-23
[main] WARN com.optionstrader.backtest.SequentialOptionBacktester - No option chain for date 2025-12-23
[main] WARN com.optionstrader.backtest.SequentialOptionBacktester - No option chain for date 2025-12-23
[main] WARN com.optionstrader.backtest.SequentialOptionBacktester - No option chain for date 2025-12-23
[main] WARN com.optionstrader.backtest.SequentialOptionBacktester - No option chain for date 2025-12-23
[main] WARN com.optionstrader.backtest.SequentialOptionBacktester - No option chain for date 2025-12-23
[main] WARN com.optionstrader.backtest.SequentialOptionBacktester - No option chain for date 2025-12-23
[main] WARN com.optionstrader.backtest.SequentialOptionBacktester - No option chain for date 2025-12-23
[main] WARN com.optionstrader.backtest.SequentialOptionBacktester - No option chain for date 2025-12-23
[main] WARN com.optionstrader.backtest.SequentialOptionBacktester - No option chain for date 2025-12-23
[main] WARN com.optionstrader.backtest.SequentialOptionBacktester - No option chain for date 2025-12-23
[main] WARN com.optionstrader.backtest.SequentialOptionBacktester - No option chain for date 2025-12-23
[main] WARN com.optionstrader.backtest.SequentialOptionBacktester - No option chain for date 2025-12-23
[main] WARN com.optionstrader.backtest.SequentialOptionBacktester - No option chain for date 2025-12-23
[main] WARN com.optionstrader.backtest.SequentialOptionBacktester - No option chain for date 2025-12-23
[main] WARN com.optionstrader.backtest.SequentialOptionBacktester - No option chain for date 2025-12-23
[main] WARN com.optionstrader.backtest.SequentialOptionBacktester - No option chain for date 2025-12-23
[main] WARN com.optionstrader.backtest.SequentialOptionBacktester - No option chain for date 2025-12-23
[main] WARN com.optionstrader.backtest.SequentialOptionBacktester - No option chain for date 2025-12-23
[main] WARN com.optionstrader.backtest.SequentialOptionBacktester - No option chain for date 2025-12-23
[main] WARN com.optionstrader.backtest.SequentialOptionBacktester - No option chain for date 2025-12-23
[main] WARN com.optionstrader.backtest.SequentialOptionBacktester - No option chain for date 2025-12-23
[main] WARN com.optionstrader.backtest.SequentialOptionBacktester - No option chain for date 2025-12-23
[main] WARN com.optionstrader.backtest.SequentialOptionBacktester - No option chain for date 2025-12-23
[main] WARN com.optionstrader.backtest.SequentialOptionBacktester - No option chain for date 2025-12-23
[main] WARN com.optionstrader.backtest.SequentialOptionBacktester - No option chain for date 2025-12-23
[main] WARN com.optionstrader.backtest.SequentialOptionBacktester - No option chain for date 2025-12-23
[main] WARN com.optionstrader.backtest.SequentialOptionBacktester - No option chain for date 2025-12-23
[main] WARN com.optionstrader.backtest.SequentialOptionBacktester - No option chain for date 2025-12-23
[main] WARN com.optionstrader.backtest.SequentialOptionBacktester - No option chain for date 2025-12-23
[main] WARN com.optionstrader.backtest.SequentialOptionBacktester - No option chain for date 2025-12-23
[main] WARN com.optionstrader.backtest.SequentialOptionBacktester - No option chain for date 2025-12-23
[main] WARN com.optionstrader.backtest.SequentialOptionBacktester - No option chain for date 2025-12-23
[main] WARN com.optionstrader.backtest.SequentialOptionBacktester - No option chain for date 2025-12-23
[main] WARN com.optionstrader.backtest.SequentialOptionBacktester - No option chain for date 2025-12-23
[main] WARN com.optionstrader.backtest.SequentialOptionBacktester - No option chain for date 2025-12-23
[...]
[main] WARN com.optionstrader.backtest.StreamBasedOptionBacktester - No option chain for date 2025-12-26
[main] WARN com.optionstrader.backtest.StreamBasedOptionBacktester - No option chain for date 2025-12-26
[main] WARN com.optionstrader.backtest.StreamBasedOptionBacktester - No option chain for date 2025-12-26
[main] WARN com.optionstrader.backtest.StreamBasedOptionBacktester - No option chain for date 2025-12-26
[main] WARN com.optionstrader.backtest.StreamBasedOptionBacktester - No option chain for date 2025-12-26
[main] WARN com.optionstrader.backtest.StreamBasedOptionBacktester - No option chain for date 2025-12-26
[main] WARN com.optionstrader.backtest.StreamBasedOptionBacktester - No option chain for date 2025-12-26
[main] WARN com.optionstrader.backtest.StreamBasedOptionBacktester - No option chain for date 2025-12-26
[main] WARN com.optionstrader.backtest.StreamBasedOptionBacktester - No option chain for date 2025-12-26
[main] WARN com.optionstrader.backtest.StreamBasedOptionBacktester - No option chain for date 2025-12-26
[main] WARN com.optionstrader.backtest.StreamBasedOptionBacktester - No option chain for date 2025-12-26
[main] WARN com.optionstrader.backtest.StreamBasedOptionBacktester - No option chain for date 2025-12-26
[main] WARN com.optionstrader.backtest.StreamBasedOptionBacktester - No option chain for date 2025-12-26
[main] WARN com.optionstrader.backtest.StreamBasedOptionBacktester - No option chain for date 2025-12-26
[main] WARN com.optionstrader.backtest.StreamBasedOptionBacktester - No option chain for date 2025-12-26
[main] WARN com.optionstrader.backtest.StreamBasedOptionBacktester - No option chain for date 2025-12-26
[main] WARN com.optionstrader.backtest.StreamBasedOptionBacktester - No option chain for date 2025-12-26
[main] WARN com.optionstrader.backtest.StreamBasedOptionBacktester - No option chain for date 2025-12-26
[main] WARN com.optionstrader.backtest.StreamBasedOptionBacktester - No option chain for date 2025-12-26
[main] WARN com.optionstrader.backtest.StreamBasedOptionBacktester - No option chain for date 2025-12-26
[main] WARN com.optionstrader.backtest.StreamBasedOptionBacktester - No option chain for date 2025-12-26
[main] WARN com.optionstrader.backtest.StreamBasedOptionBacktester - No option chain for date 2025-12-26
[main] WARN com.optionstrader.backtest.StreamBasedOptionBacktester - No option chain for date 2025-12-26
[main] WARN com.optionstrader.backtest.StreamBasedOptionBacktester - No option chain for date 2025-12-26
[main] WARN com.optionstrader.backtest.StreamBasedOptionBacktester - No option chain for date 2025-12-26
[main] WARN com.optionstrader.backtest.StreamBasedOptionBacktester - No option chain for date 2025-12-26
[main] WARN com.optionstrader.backtest.StreamBasedOptionBacktester - No option chain for date 2025-12-26
[main] WARN com.optionstrader.backtest.StreamBasedOptionBacktester - No option chain for date 2025-12-26
[main] WARN com.optionstrader.backtest.StreamBasedOptionBacktester - No option chain for date 2025-12-26
[main] WARN com.optionstrader.backtest.StreamBasedOptionBacktester - No option chain for date 2025-12-26
[main] WARN com.optionstrader.backtest.StreamBasedOptionBacktester - No option chain for date 2025-12-26
[main] WARN com.optionstrader.backtest.StreamBasedOptionBacktester - No option chain for date 2025-12-26
[main] WARN com.optionstrader.backtest.StreamBasedOptionBacktester - No option chain for date 2025-12-26
[main] WARN com.optionstrader.backtest.StreamBasedOptionBacktester - No option chain for date 2025-12-26
[main] WARN com.optionstrader.backtest.StreamBasedOptionBacktester - No option chain for date 2025-12-26
[main] WARN com.optionstrader.backtest.StreamBasedOptionBacktester - No option chain for date 2025-12-26
[main] WARN com.optionstrader.backtest.StreamBasedOptionBacktester - No option chain for date 2025-12-26
[main] WARN com.optionstrader.backtest.StreamBasedOptionBacktester - No option chain for date 2025-12-26
[main] WARN com.optionstrader.backtest.StreamBasedOptionBacktester - No option chain for date 2025-12-26
[main] WARN com.optionstrader.backtest.StreamBasedOptionBacktester - No option chain for date 2025-12-26
[main] WARN com.optionstrader.backtest.StreamBasedOptionBacktester - No option chain for date 2025-12-26
[main] WARN com.optionstrader.backtest.StreamBasedOptionBacktester - No option chain for date 2025-12-26
[main] WARN com.optionstrader.backtest.StreamBasedOptionBacktester - No option chain for date 2025-12-26
[main] WARN com.optionstrader.backtest.StreamBasedOptionBacktester - No option chain for date 2025-12-26
[main] WARN com.optionstrader.backtest.StreamBasedOptionBacktester - No option chain for date 2025-12-26
[main] WARN com.optionstrader.backtest.StreamBasedOptionBacktester - No option chain for date 2025-12-26
[main] WARN com.optionstrader.backtest.StreamBasedOptionBacktester - No option chain for date 2025-12-26
[main] WARN com.optionstrader.backtest.StreamBasedOptionBacktester - No option chain for date 2025-12-26
[main] WARN com.optionstrader.backtest.StreamBasedOptionBacktester - No option chain for date 2025-12-26
[main] WARN com.optionstrader.backtest.StreamBasedOptionBacktester - No option chain for date 2025-12-26
[main] WARN com.optionstrader.backtest.StreamBasedOptionBacktester - No option chain for date 2025-12-26
[main] WARN com.optionstrader.backtest.StreamBasedOptionBacktester - No option chain for date 2025-12-26
[main] WARN com.optionstrader.backtest.StreamBasedOptionBacktester - No option chain for date 2025-12-26
[main] WARN com.optionstrader.backtest.StreamBasedOptionBacktester - No option chain for date 2025-12-26
[main] WARN com.optionstrader.backtest.StreamBasedOptionBacktester - No option chain for date 2025-12-26
[main] WARN com.optionstrader.backtest.StreamBasedOptionBacktester - No option chain for date 2025-12-26
[main] WARN com.optionstrader.backtest.StreamBasedOptionBacktester - No option chain for date 2025-12-26
[main] WARN com.optionstrader.backtest.StreamBasedOptionBacktester - No option chain for date 2025-12-26
[main] WARN com.optionstrader.backtest.StreamBasedOptionBacktester - No option chain for date 2025-12-26
[main] WARN com.optionstrader.backtest.StreamBasedOptionBacktester - No option chain for date 2025-12-26
[main] WARN com.optionstrader.backtest.StreamBasedOptionBacktester - No option chain for date 2025-12-26
[main] WARN com.optionstrader.backtest.StreamBasedOptionBacktester - No option chain for date 2025-12-26
[main] WARN com.optionstrader.backtest.StreamBasedOptionBacktester - No option chain for date 2025-12-26
[main] WARN com.optionstrader.backtest.StreamBasedOptionBacktester - No option chain for date 2025-12-26
[main] WARN com.optionstrader.backtest.StreamBasedOptionBacktester - No option chain for date 2025-12-26
[main] WARN com.optionstrader.backtest.StreamBasedOptionBacktester - No option chain for date 2025-12-26
[main] WARN com.optionstrader.backtest.StreamBasedOptionBacktester - No option chain for date 2025-12-26
[main] WARN com.optionstrader.backtest.StreamBasedOptionBacktester - No option chain for date 2025-12-26
[main] WARN com.optionstrader.backtest.StreamBasedOptionBacktester - No option chain for date 2025-12-26
[main] WARN com.optionstrader.backtest.StreamBasedOptionBacktester - No option chain for date 2025-12-26
[main] WARN com.optionstrader.backtest.StreamBasedOptionBacktester - No option chain for date 2025-12-26
[main] WARN com.optionstrader.backtest.StreamBasedOptionBacktester - No option chain for date 2025-12-26
[main] WARN com.optionstrader.backtest.StreamBasedOptionBacktester - No option chain for date 2025-12-26
[main] WARN com.optionstrader.backtest.StreamBasedOptionBacktester - No option chain for date 2025-12-26
[main] WARN com.optionstrader.backtest.StreamBasedOptionBacktester - No option chain for date 2025-12-26
[main] WARN com.optionstrader.backtest.StreamBasedOptionBacktester - No option chain for date 2025-12-26
[main] WARN com.optionstrader.backtest.StreamBasedOptionBacktester - No option chain for date 2025-12-26
[main] WARN com.optionstrader.backtest.StreamBasedOptionBacktester - No option chain for date 2025-12-26
[main] WARN com.optionstrader.backtest.StreamBasedOptionBacktester - No option chain for date 2025-12-26
[main] WARN com.optionstrader.backtest.StreamBasedOptionBacktester - No option chain for date 2025-12-26
[main] WARN com.optionstrader.backtest.StreamBasedOptionBacktester - No option chain for date 2025-12-26
[main] WARN com.optionstrader.backtest.StreamBasedOptionBacktester - No option chain for date 2025-12-26
[main] WARN com.optionstrader.backtest.StreamBasedOptionBacktester - No option chain for date 2025-12-26
[main] WARN com.optionstrader.backtest.StreamBasedOptionBacktester - No option chain for date 2025-12-26
[main] WARN com.optionstrader.backtest.StreamBasedOptionBacktester - No option chain for date 2025-12-26
[main] WARN com.optionstrader.backtest.StreamBasedOptionBacktester - No option chain for date 2025-12-26
[main] WARN com.optionstrader.backtest.StreamBasedOptionBacktester - No option chain for date 2025-12-26
[main] WARN com.optionstrader.backtest.StreamBasedOptionBacktester - No option chain for date 2025-12-26
[main] WARN com.optionstrader.backtest.StreamBasedOptionBacktester - No option chain for date 2025-12-26
[main] WARN com.optionstrader.backtest.StreamBasedOptionBacktester - No option chain for date 2025-12-26
[main] WARN com.optionstrader.backtest.StreamBasedOptionBacktester - No option chain for date 2025-12-26
[main] WARN com.optionstrader.backtest.StreamBasedOptionBacktester - No option chain for date 2025-12-26
[main] WARN com.optionstrader.backtest.StreamBasedOptionBacktester - No option chain for date 2025-12-26
[main] WARN com.optionstrader.backtest.StreamBasedOptionBacktester - No option chain for date 2025-12-26
[main] WARN com.optionstrader.backtest.StreamBasedOptionBacktester - No option chain for date 2025-12-26
[main] WARN com.optionstrader.backtest.StreamBasedOptionBacktester - No option chain for date 2025-12-26
[main] WARN com.optionstrader.backtest.StreamBasedOptionBacktester - No option chain for date 2025-12-26
[main] WARN com.optionstrader.backtest.StreamBasedOptionBacktester - No option chain for date 2025-12-26
[main] WARN com.optionstrader.backtest.StreamBasedOptionBacktester - No option chain for date 2025-12-26
[main] WARN com.optionstrader.backtest.StreamBasedOptionBacktester - No option chain for date 2025-12-26
[main] WARN com.optionstrader.backtest.StreamBasedOptionBacktester - No option chain for date 2025-12-26
[main] WARN com.optionstrader.backtest.StreamBasedOptionBacktester - No option chain for date 2025-12-26
[main] WARN com.optionstrader.backtest.StreamBasedOptionBacktester - No option chain for date 2025-12-26
[main] WARN com.optionstrader.backtest.StreamBasedOptionBacktester - No option chain for date 2025-12-26
[main] WARN com.optionstrader.backtest.StreamBasedOptionBacktester - No option chain for date 2025-12-26
[main] WARN com.optionstrader.backtest.StreamBasedOptionBacktester - No option chain for date 2025-12-26
[main] WARN com.optionstrader.backtest.StreamBasedOptionBacktester - No option chain for date 2025-12-26
[main] WARN com.optionstrader.backtest.StreamBasedOptionBacktester - No option chain for date 2025-12-26
[main] WARN com.optionstrader.backtest.StreamBasedOptionBacktester - No option chain for date 2025-12-26
[main] WARN com.optionstrader.backtest.StreamBasedOptionBacktester - No option chain for date 2025-12-26
[main] WARN com.optionstrader.backtest.StreamBasedOptionBacktester - No option chain for date 2025-12-26
[main] WARN com.optionstrader.backtest.StreamBasedOptionBacktester - No option chain for date 2025-12-26
[main] WARN com.optionstrader.backtest.StreamBasedOptionBacktester - No option chain for date 2025-12-26
[main] WARN com.optionstrader.backtest.StreamBasedOptionBacktester - No option chain for date 2025-12-26
[main] WARN com.optionstrader.backtest.StreamBasedOptionBacktester - No option chain for date 2025-12-26
[main] WARN com.optionstrader.backtest.StreamBasedOptionBacktester - No option chain for date 2025-12-26
[main] WARN com.optionstrader.backtest.StreamBasedOptionBacktester - No option chain for date 2025-12-26
[main] WARN com.optionstrader.backtest.StreamBasedOptionBacktester - No option chain for date 2025-12-26
[main] WARN com.optionstrader.backtest.StreamBasedOptionBacktester - No option chain for date 2025-12-26
[main] WARN com.optionstrader.backtest.StreamBasedOptionBacktester - No option chain for date 2025-12-26
[main] WARN com.optionstrader.backtest.StreamBasedOptionBacktester - No option chain for date 2025-12-26
[main] WARN com.optionstrader.backtest.StreamBasedOptionBacktester - No option chain for date 2025-12-27
[main] WARN com.optionstrader.backtest.StreamBasedOptionBacktester - No option chain for date 2025-12-27
[main] WARN com.optionstrader.backtest.StreamBasedOptionBacktester - No option chain for date 2025-12-27
[main] WARN com.optionstrader.backtest.StreamBasedOptionBacktester - No option chain for date 2025-12-27
[main] WARN com.optionstrader.backtest.StreamBasedOptionBacktester - No option chain for date 2025-12-27
[main] WARN com.optionstrader.backtest.StreamBasedOptionBacktester - No option chain for date 2025-12-27
[main] WARN com.optionstrader.backtest.StreamBasedOptionBacktester - No option chain for date 2025-12-27
[main] WARN com.optionstrader.backtest.StreamBasedOptionBacktester - No option chain for date 2025-12-27
[main] WARN com.optionstrader.backtest.StreamBasedOptionBacktester - No option chain for date 2025-12-27
[main] WARN com.optionstrader.backtest.StreamBasedOptionBacktester - No option chain for date 2025-12-27
[main] WARN com.optionstrader.backtest.StreamBasedOptionBacktester - No option chain for date 2025-12-27
[main] WARN com.optionstrader.backtest.StreamBasedOptionBacktester - No option chain for date 2025-12-27
[main] WARN com.optionstrader.backtest.StreamBasedOptionBacktester - No option chain for date 2025-12-27
[main] WARN com.optionstrader.backtest.StreamBasedOptionBacktester - No option chain for date 2025-12-27
[main] WARN com.optionstrader.backtest.StreamBasedOptionBacktester - No option chain for date 2025-12-27
[main] WARN com.optionstrader.backtest.StreamBasedOptionBacktester - No option chain for date 2025-12-27
[main] WARN com.optionstrader.backtest.StreamBasedOptionBacktester - No option chain for date 2025-12-27
[main] WARN com.optionstrader.backtest.StreamBasedOptionBacktester - No option chain for date 2025-12-27
[main] WARN com.optionstrader.backtest.StreamBasedOptionBacktester - No option chain for date 2025-12-27
[main] WARN com.optionstrader.backtest.StreamBasedOptionBacktester - No option chain for date 2025-12-27
[main] WARN com.optionstrader.backtest.StreamBasedOptionBacktester - No option chain for date 2025-12-27
[main] WARN com.optionstrader.backtest.StreamBasedOptionBacktester - No option chain for date 2025-12-27
[main] WARN com.optionstrader.backtest.StreamBasedOptionBacktester - No option chain for date 2025-12-27
[main] WARN com.optionstrader.backtest.StreamBasedOptionBacktester - No option chain for date 2025-12-27
[main] WARN com.optionstrader.backtest.StreamBasedOptionBacktester - No option chain for date 2025-12-27
[main] WARN com.optionstrader.backtest.StreamBasedOptionBacktester - No option chain for date 2025-12-27
[main] WARN com.optionstrader.backtest.StreamBasedOptionBacktester - No option chain for date 2025-12-27
[main] WARN com.optionstrader.backtest.StreamBasedOptionBacktester - No option chain for date 2025-12-27
[main] WARN com.optionstrader.backtest.StreamBasedOptionBacktester - No option chain for date 2025-12-27
[main] WARN com.optionstrader.backtest.StreamBasedOptionBacktester - No option chain for date 2025-12-27
[main] WARN com.optionstrader.backtest.StreamBasedOptionBacktester - No option chain for date 2025-12-27
[main] WARN com.optionstrader.backtest.StreamBasedOptionBacktester - No option chain for date 2025-12-27
[main] WARN com.optionstrader.backtest.StreamBasedOptionBacktester - No option chain for date 2025-12-27
[main] WARN com.optionstrader.backtest.StreamBasedOptionBacktester - No option chain for date 2025-12-27
[main] WARN com.optionstrader.backtest.StreamBasedOptionBacktester - No option chain for date 2025-12-27
[main] WARN com.optionstrader.backtest.StreamBasedOptionBacktester - No option chain for date 2025-12-27
[main] WARN com.optionstrader.backtest.StreamBasedOptionBacktester - No option chain for date 2025-12-27
[main] WARN com.optionstrader.backtest.StreamBasedOptionBacktester - No option chain for date 2025-12-27
[main] WARN com.optionstrader.backtest.StreamBasedOptionBacktester - No option chain for date 2025-12-27
[main] WARN com.optionstrader.backtest.StreamBasedOptionBacktester - No option chain for date 2025-12-27
[main] WARN com.optionstrader.backtest.StreamBasedOptionBacktester - No option chain for date 2025-12-27
[main] WARN com.optionstrader.backtest.StreamBasedOptionBacktester - No option chain for date 2025-12-27
[main] WARN com.optionstrader.backtest.StreamBasedOptionBacktester - No option chain for date 2025-12-27
[main] WARN com.optionstrader.backtest.StreamBasedOptionBacktester - No option chain for date 2025-12-27
[main] WARN com.optionstrader.backtest.StreamBasedOptionBacktester - No option chain for date 2025-12-27
[main] WARN com.optionstrader.backtest.StreamBasedOptionBacktester - No option chain for date 2025-12-27
[main] WARN com.optionstrader.backtest.StreamBasedOptionBacktester - No option chain for date 2025-12-27
[main] WARN com.optionstrader.backtest.StreamBasedOptionBacktester - No option chain for date 2025-12-27
[main] WARN com.optionstrader.backtest.StreamBasedOptionBacktester - No option chain for date 2025-12-27
[main] WARN com.optionstrader.backtest.StreamBasedOptionBacktester - No option chain for date 2025-12-27
[main] WARN com.optionstrader.backtest.StreamBasedOptionBacktester - No option chain for date 2025-12-27
[main] WARN com.optionstrader.backtest.StreamBasedOptionBacktester - No option chain for date 2025-12-27
[main] WARN com.optionstrader.backtest.StreamBasedOptionBacktester - No option chain for date 2025-12-27
[main] WARN com.optionstrader.backtest.StreamBasedOptionBacktester - No option chain for date 2025-12-27
[main] WARN com.optionstrader.backtest.StreamBasedOptionBacktester - No option chain for date 2025-12-27
[main] WARN com.optionstrader.backtest.StreamBasedOptionBacktester - No option chain for date 2025-12-27
[main] WARN com.optionstrader.backtest.StreamBasedOptionBacktester - No option chain for date 2025-12-27
[main] WARN com.optionstrader.backtest.StreamBasedOptionBacktester - No option chain for date 2025-12-27
[main] WARN com.optionstrader.backtest.StreamBasedOptionBacktester - No option chain for date 2025-12-27
[main] WARN com.optionstrader.backtest.StreamBasedOptionBacktester - No option chain for date 2025-12-27
[main] INFO com.optionstrader.backtest.RefereeBacktestTest - Stream-based result: BacktestResult{profit=0.0000, drawdown=0.0000, trades=0}
[main] INFO com.optionstrader.backtest.RefereeBacktestTest - Comparing Sequential vs Event-Driven: BacktestResult{profit=0.0000, drawdown=0.0000, trades=0} vs BacktestResult{profit=0.0000, drawdown=0.0000, trades=0}
[main] INFO com.optionstrader.backtest.RefereeBacktestTest - Comparing Event-Driven vs Stream-Based: BacktestResult{profit=0.0000, drawdown=0.0000, trades=0} vs BacktestResult{profit=0.0000, drawdown=0.0000, trades=0}
[main] INFO com.optionstrader.backtest.RefereeBacktestTest - Comparing Sequential vs Stream-Based: BacktestResult{profit=0.0000, drawdown=0.0000, trades=0} vs BacktestResult{profit=0.0000, drawdown=0.0000, trades=0}
[main] INFO com.optionstrader.backtest.RefereeBacktestTest - Tri-Implementation Referee test passed: All backtesters produced identical results
]]></system-err>
  </testcase>
</testsuite>